2021-03-22 17:59:32 Debug: duration=289 rows=7 SHOW FULL COLUMNS FROM `users`
2021-03-22 17:59:32 Debug: duration=1 rows=1 SHOW INDEXES FROM `users`
2021-03-22 17:59:32 Debug: duration=221 rows=0 SELECT * FROM information_schema.key_column_usage AS kcu
            INNER JOIN information_schema.referential_constraints AS rc
            ON (
                kcu.CONSTRAINT_NAME = rc.CONSTRAINT_NAME
                AND kcu.CONSTRAINT_SCHEMA = rc.CONSTRAINT_SCHEMA
            )
            WHERE kcu.TABLE_SCHEMA = 'bolsaestudo' AND kcu.TABLE_NAME = 'users' AND rc.TABLE_NAME = 'users'
2021-03-22 17:59:33 Debug: duration=76 rows=1 SHOW TABLE STATUS WHERE Name = 'users'
2021-03-22 17:59:33 Debug: duration=37 rows=2 SHOW FULL COLUMNS FROM `groups`
2021-03-22 17:59:33 Debug: duration=0 rows=1 SHOW INDEXES FROM `groups`
2021-03-22 17:59:33 Debug: duration=148 rows=0 SELECT * FROM information_schema.key_column_usage AS kcu
            INNER JOIN information_schema.referential_constraints AS rc
            ON (
                kcu.CONSTRAINT_NAME = rc.CONSTRAINT_NAME
                AND kcu.CONSTRAINT_SCHEMA = rc.CONSTRAINT_SCHEMA
            )
            WHERE kcu.TABLE_SCHEMA = 'bolsaestudo' AND kcu.TABLE_NAME = 'groups' AND rc.TABLE_NAME = 'groups'
2021-03-22 17:59:33 Debug: duration=7 rows=1 SHOW TABLE STATUS WHERE Name = 'groups'
2021-03-22 17:59:33 Debug: duration=8 rows=4 SELECT Users.id AS `Users__id`, Users.login AS `Users__login`, Users.password AS `Users__password`, Users.created AS `Users__created`, Users.active AS `Users__active`, Users.group_id AS `Users__group_id`, Users.sistema AS `Users__sistema`, Groups.id AS `Groups__id`, Groups.nm_permissao AS `Groups__nm_permissao` FROM users Users INNER JOIN groups Groups ON Groups.id = (Users.group_id) LIMIT 20 OFFSET 0
2021-03-22 18:03:28 Debug: duration=35 rows=7 SHOW FULL COLUMNS FROM `users`
2021-03-22 18:03:28 Debug: duration=0 rows=1 SHOW INDEXES FROM `users`
2021-03-22 18:03:28 Debug: duration=1 rows=0 SELECT * FROM information_schema.key_column_usage AS kcu
            INNER JOIN information_schema.referential_constraints AS rc
            ON (
                kcu.CONSTRAINT_NAME = rc.CONSTRAINT_NAME
                AND kcu.CONSTRAINT_SCHEMA = rc.CONSTRAINT_SCHEMA
            )
            WHERE kcu.TABLE_SCHEMA = 'bolsaestudo' AND kcu.TABLE_NAME = 'users' AND rc.TABLE_NAME = 'users'
2021-03-22 18:03:28 Debug: duration=1 rows=1 SHOW TABLE STATUS WHERE Name = 'users'
2021-03-22 18:03:28 Debug: duration=12 rows=2 SHOW FULL COLUMNS FROM `groups`
2021-03-22 18:03:28 Debug: duration=0 rows=1 SHOW INDEXES FROM `groups`
2021-03-22 18:03:28 Debug: duration=2 rows=0 SELECT * FROM information_schema.key_column_usage AS kcu
            INNER JOIN information_schema.referential_constraints AS rc
            ON (
                kcu.CONSTRAINT_NAME = rc.CONSTRAINT_NAME
                AND kcu.CONSTRAINT_SCHEMA = rc.CONSTRAINT_SCHEMA
            )
            WHERE kcu.TABLE_SCHEMA = 'bolsaestudo' AND kcu.TABLE_NAME = 'groups' AND rc.TABLE_NAME = 'groups'
2021-03-22 18:03:28 Debug: duration=1 rows=1 SHOW TABLE STATUS WHERE Name = 'groups'
2021-03-22 18:03:28 Debug: duration=0 rows=4 SELECT Users.id AS `Users__id`, Users.login AS `Users__login`, Users.password AS `Users__password`, Users.created AS `Users__created`, Users.active AS `Users__active`, Users.group_id AS `Users__group_id`, Users.sistema AS `Users__sistema`, Groups.id AS `Groups__id`, Groups.nm_permissao AS `Groups__nm_permissao` FROM users Users INNER JOIN groups Groups ON Groups.id = (Users.group_id) LIMIT 20 OFFSET 0
2021-03-22 18:05:55 Debug: duration=15 rows=7 SHOW FULL COLUMNS FROM `users`
2021-03-22 18:05:55 Debug: duration=0 rows=1 SHOW INDEXES FROM `users`
2021-03-22 18:05:55 Debug: duration=1 rows=0 SELECT * FROM information_schema.key_column_usage AS kcu
            INNER JOIN information_schema.referential_constraints AS rc
            ON (
                kcu.CONSTRAINT_NAME = rc.CONSTRAINT_NAME
                AND kcu.CONSTRAINT_SCHEMA = rc.CONSTRAINT_SCHEMA
            )
            WHERE kcu.TABLE_SCHEMA = 'bolsaestudo' AND kcu.TABLE_NAME = 'users' AND rc.TABLE_NAME = 'users'
2021-03-22 18:05:55 Debug: duration=1 rows=1 SHOW TABLE STATUS WHERE Name = 'users'
2021-03-22 18:05:55 Debug: duration=16 rows=2 SHOW FULL COLUMNS FROM `groups`
2021-03-22 18:05:55 Debug: duration=0 rows=1 SHOW INDEXES FROM `groups`
2021-03-22 18:05:55 Debug: duration=2 rows=0 SELECT * FROM information_schema.key_column_usage AS kcu
            INNER JOIN information_schema.referential_constraints AS rc
            ON (
                kcu.CONSTRAINT_NAME = rc.CONSTRAINT_NAME
                AND kcu.CONSTRAINT_SCHEMA = rc.CONSTRAINT_SCHEMA
            )
            WHERE kcu.TABLE_SCHEMA = 'bolsaestudo' AND kcu.TABLE_NAME = 'groups' AND rc.TABLE_NAME = 'groups'
2021-03-22 18:05:55 Debug: duration=1 rows=1 SHOW TABLE STATUS WHERE Name = 'groups'
2021-03-22 18:05:55 Debug: duration=0 rows=4 SELECT Users.id AS `Users__id`, Users.login AS `Users__login`, Users.password AS `Users__password`, Users.created AS `Users__created`, Users.active AS `Users__active`, Users.group_id AS `Users__group_id`, Users.sistema AS `Users__sistema`, Groups.id AS `Groups__id`, Groups.nm_permissao AS `Groups__nm_permissao` FROM users Users INNER JOIN groups Groups ON Groups.id = (Users.group_id) LIMIT 20 OFFSET 0
2021-03-22 18:06:38 Debug: duration=1 rows=4 SELECT Users.id AS `Users__id`, Users.login AS `Users__login`, Users.password AS `Users__password`, Users.created AS `Users__created`, Users.active AS `Users__active`, Users.group_id AS `Users__group_id`, Users.sistema AS `Users__sistema`, Groups.id AS `Groups__id`, Groups.nm_permissao AS `Groups__nm_permissao` FROM users Users INNER JOIN groups Groups ON Groups.id = (Users.group_id) LIMIT 20 OFFSET 0
2021-03-22 18:08:32 Debug: duration=53 rows=7 SHOW FULL COLUMNS FROM `users`
2021-03-22 18:08:32 Debug: duration=0 rows=1 SHOW INDEXES FROM `users`
2021-03-22 18:08:32 Debug: duration=1 rows=0 SELECT * FROM information_schema.key_column_usage AS kcu
            INNER JOIN information_schema.referential_constraints AS rc
            ON (
                kcu.CONSTRAINT_NAME = rc.CONSTRAINT_NAME
                AND kcu.CONSTRAINT_SCHEMA = rc.CONSTRAINT_SCHEMA
            )
            WHERE kcu.TABLE_SCHEMA = 'bolsaestudo' AND kcu.TABLE_NAME = 'users' AND rc.TABLE_NAME = 'users'
2021-03-22 18:08:32 Debug: duration=1 rows=1 SHOW TABLE STATUS WHERE Name = 'users'
2021-03-22 18:08:32 Debug: duration=11 rows=2 SHOW FULL COLUMNS FROM `groups`
2021-03-22 18:08:32 Debug: duration=0 rows=1 SHOW INDEXES FROM `groups`
2021-03-22 18:08:32 Debug: duration=1 rows=0 SELECT * FROM information_schema.key_column_usage AS kcu
            INNER JOIN information_schema.referential_constraints AS rc
            ON (
                kcu.CONSTRAINT_NAME = rc.CONSTRAINT_NAME
                AND kcu.CONSTRAINT_SCHEMA = rc.CONSTRAINT_SCHEMA
            )
            WHERE kcu.TABLE_SCHEMA = 'bolsaestudo' AND kcu.TABLE_NAME = 'groups' AND rc.TABLE_NAME = 'groups'
2021-03-22 18:08:32 Debug: duration=1 rows=1 SHOW TABLE STATUS WHERE Name = 'groups'
2021-03-22 18:08:32 Debug: duration=0 rows=4 SELECT Users.id AS `Users__id`, Users.login AS `Users__login`, Users.password AS `Users__password`, Users.created AS `Users__created`, Users.active AS `Users__active`, Users.group_id AS `Users__group_id`, Users.sistema AS `Users__sistema`, Groups.id AS `Groups__id`, Groups.nm_permissao AS `Groups__nm_permissao` FROM users Users INNER JOIN groups Groups ON Groups.id = (Users.group_id) LIMIT 20 OFFSET 0
2021-03-22 18:09:23 Debug: duration=1 rows=4 SELECT Users.id AS `Users__id`, Users.login AS `Users__login`, Users.password AS `Users__password`, Users.created AS `Users__created`, Users.active AS `Users__active`, Users.group_id AS `Users__group_id`, Users.sistema AS `Users__sistema`, Groups.id AS `Groups__id`, Groups.nm_permissao AS `Groups__nm_permissao` FROM users Users INNER JOIN groups Groups ON Groups.id = (Users.group_id) LIMIT 20 OFFSET 0
2021-03-22 18:10:08 Debug: duration=1 rows=4 SELECT Users.id AS `Users__id`, Users.login AS `Users__login`, Users.password AS `Users__password`, Users.created AS `Users__created`, Users.active AS `Users__active`, Users.group_id AS `Users__group_id`, Users.sistema AS `Users__sistema`, Groups.id AS `Groups__id`, Groups.nm_permissao AS `Groups__nm_permissao` FROM users Users INNER JOIN groups Groups ON Groups.id = (Users.group_id) LIMIT 20 OFFSET 0
2021-03-22 18:10:09 Debug: duration=1 rows=4 SELECT Users.id AS `Users__id`, Users.login AS `Users__login`, Users.password AS `Users__password`, Users.created AS `Users__created`, Users.active AS `Users__active`, Users.group_id AS `Users__group_id`, Users.sistema AS `Users__sistema`, Groups.id AS `Groups__id`, Groups.nm_permissao AS `Groups__nm_permissao` FROM users Users INNER JOIN groups Groups ON Groups.id = (Users.group_id) LIMIT 20 OFFSET 0
2021-03-22 18:10:10 Debug: duration=1 rows=4 SELECT Users.id AS `Users__id`, Users.login AS `Users__login`, Users.password AS `Users__password`, Users.created AS `Users__created`, Users.active AS `Users__active`, Users.group_id AS `Users__group_id`, Users.sistema AS `Users__sistema`, Groups.id AS `Groups__id`, Groups.nm_permissao AS `Groups__nm_permissao` FROM users Users INNER JOIN groups Groups ON Groups.id = (Users.group_id) LIMIT 20 OFFSET 0
2021-03-22 18:10:11 Debug: duration=1 rows=4 SELECT Users.id AS `Users__id`, Users.login AS `Users__login`, Users.password AS `Users__password`, Users.created AS `Users__created`, Users.active AS `Users__active`, Users.group_id AS `Users__group_id`, Users.sistema AS `Users__sistema`, Groups.id AS `Groups__id`, Groups.nm_permissao AS `Groups__nm_permissao` FROM users Users INNER JOIN groups Groups ON Groups.id = (Users.group_id) LIMIT 20 OFFSET 0
2021-03-22 18:10:12 Debug: duration=1 rows=4 SELECT Users.id AS `Users__id`, Users.login AS `Users__login`, Users.password AS `Users__password`, Users.created AS `Users__created`, Users.active AS `Users__active`, Users.group_id AS `Users__group_id`, Users.sistema AS `Users__sistema`, Groups.id AS `Groups__id`, Groups.nm_permissao AS `Groups__nm_permissao` FROM users Users INNER JOIN groups Groups ON Groups.id = (Users.group_id) LIMIT 20 OFFSET 0
2021-03-22 18:10:49 Debug: duration=15 rows=7 SHOW FULL COLUMNS FROM `users`
2021-03-22 18:10:50 Debug: duration=0 rows=1 SHOW INDEXES FROM `users`
2021-03-22 18:10:50 Debug: duration=1 rows=0 SELECT * FROM information_schema.key_column_usage AS kcu
            INNER JOIN information_schema.referential_constraints AS rc
            ON (
                kcu.CONSTRAINT_NAME = rc.CONSTRAINT_NAME
                AND kcu.CONSTRAINT_SCHEMA = rc.CONSTRAINT_SCHEMA
            )
            WHERE kcu.TABLE_SCHEMA = 'bolsaestudo' AND kcu.TABLE_NAME = 'users' AND rc.TABLE_NAME = 'users'
2021-03-22 18:10:50 Debug: duration=1 rows=1 SHOW TABLE STATUS WHERE Name = 'users'
2021-03-22 18:10:50 Debug: duration=22 rows=2 SHOW FULL COLUMNS FROM `groups`
2021-03-22 18:10:50 Debug: duration=0 rows=1 SHOW INDEXES FROM `groups`
2021-03-22 18:10:50 Debug: duration=1 rows=0 SELECT * FROM information_schema.key_column_usage AS kcu
            INNER JOIN information_schema.referential_constraints AS rc
            ON (
                kcu.CONSTRAINT_NAME = rc.CONSTRAINT_NAME
                AND kcu.CONSTRAINT_SCHEMA = rc.CONSTRAINT_SCHEMA
            )
            WHERE kcu.TABLE_SCHEMA = 'bolsaestudo' AND kcu.TABLE_NAME = 'groups' AND rc.TABLE_NAME = 'groups'
2021-03-22 18:10:50 Debug: duration=1 rows=1 SHOW TABLE STATUS WHERE Name = 'groups'
2021-03-22 18:10:50 Debug: duration=0 rows=4 SELECT Users.id AS `Users__id`, Users.login AS `Users__login`, Users.password AS `Users__password`, Users.created AS `Users__created`, Users.active AS `Users__active`, Users.group_id AS `Users__group_id`, Users.sistema AS `Users__sistema`, Groups.id AS `Groups__id`, Groups.nm_permissao AS `Groups__nm_permissao` FROM users Users INNER JOIN groups Groups ON Groups.id = (Users.group_id) LIMIT 20 OFFSET 0
2021-03-22 18:10:50 Debug: duration=0 rows=1 SELECT (COUNT(*)) AS `count` FROM users Users INNER JOIN groups Groups ON Groups.id = (Users.group_id)
2021-03-22 18:11:11 Debug: duration=1 rows=4 SELECT Users.id AS `Users__id`, Users.login AS `Users__login`, Users.password AS `Users__password`, Users.created AS `Users__created`, Users.active AS `Users__active`, Users.group_id AS `Users__group_id`, Users.sistema AS `Users__sistema`, Groups.id AS `Groups__id`, Groups.nm_permissao AS `Groups__nm_permissao` FROM users Users INNER JOIN groups Groups ON Groups.id = (Users.group_id) LIMIT 20 OFFSET 0
2021-03-22 18:11:11 Debug: duration=0 rows=1 SELECT (COUNT(*)) AS `count` FROM users Users INNER JOIN groups Groups ON Groups.id = (Users.group_id)
2021-03-22 18:11:15 Debug: duration=1 rows=2 SELECT Groups.id AS `Groups__id` FROM groups Groups LIMIT 200
2021-03-22 18:12:24 Debug: duration=0 rows=0 BEGIN
2021-03-22 18:12:24 Debug: duration=34 rows=0 SELECT 1 AS `existing` FROM users Users WHERE Users.login = 'teste' LIMIT 1
2021-03-22 18:12:24 Debug: duration=0 rows=1 SELECT 1 AS `existing` FROM groups Groups WHERE Groups.id = 1 LIMIT 1
2021-03-22 18:12:24 Debug: duration=118 rows=1 INSERT INTO users (login, password, created, active, group_id, sistema) VALUES ('teste', '$2y$10$eeY3EkAa2Mw50M3UXJ.p8uyUlc4BpBuu3.FiQhxvf7X5l9YQ6z5AC', '2021-03-22 18:12:24', 0, 1, 1)
2021-03-22 18:12:24 Debug: duration=0 rows=0 COMMIT
2021-03-22 18:12:24 Debug: duration=8 rows=6 SELECT Users.id AS `Users__id`, Users.login AS `Users__login`, Users.password AS `Users__password`, Users.created AS `Users__created`, Users.active AS `Users__active`, Users.group_id AS `Users__group_id`, Users.sistema AS `Users__sistema`, Groups.id AS `Groups__id`, Groups.nm_permissao AS `Groups__nm_permissao` FROM users Users INNER JOIN groups Groups ON Groups.id = (Users.group_id) LIMIT 20 OFFSET 0
2021-03-22 18:12:24 Debug: duration=0 rows=1 SELECT (COUNT(*)) AS `count` FROM users Users INNER JOIN groups Groups ON Groups.id = (Users.group_id)
2021-03-22 18:14:19 Debug: duration=25 rows=36 SHOW FULL COLUMNS FROM `candidatos`
2021-03-22 18:14:19 Debug: duration=0 rows=1 SHOW INDEXES FROM `candidatos`
2021-03-22 18:14:19 Debug: duration=42 rows=0 SELECT * FROM information_schema.key_column_usage AS kcu
            INNER JOIN information_schema.referential_constraints AS rc
            ON (
                kcu.CONSTRAINT_NAME = rc.CONSTRAINT_NAME
                AND kcu.CONSTRAINT_SCHEMA = rc.CONSTRAINT_SCHEMA
            )
            WHERE kcu.TABLE_SCHEMA = 'bolsaestudo' AND kcu.TABLE_NAME = 'candidatos' AND rc.TABLE_NAME = 'candidatos'
2021-03-22 18:14:19 Debug: duration=1 rows=1 SHOW TABLE STATUS WHERE Name = 'candidatos'
2021-03-22 18:14:19 Debug: duration=1 rows=15 SELECT Candidatos.id AS `Candidatos__id`, Candidatos.nm_candidato AS `Candidatos__nm_candidato`, Candidatos.responsavel_id AS `Candidatos__responsavel_id`, Candidatos.escola_id AS `Candidatos__escola_id`, Candidatos.tipo_id AS `Candidatos__tipo_id`, Candidatos.ano_id AS `Candidatos__ano_id`, Candidatos.vl_ctnumero AS `Candidatos__vl_ctnumero`, Candidatos.vl_ctlivro AS `Candidatos__vl_ctlivro`, Candidatos.vl_ctfolha AS `Candidatos__vl_ctfolha`, Candidatos.dt_nascimento AS `Candidatos__dt_nascimento`, Candidatos.vl_rg AS `Candidatos__vl_rg`, Candidatos.nm_mae AS `Candidatos__nm_mae`, Candidatos.nm_pai AS `Candidatos__nm_pai`, Candidatos.nm_rua AS `Candidatos__nm_rua`, Candidatos.vl_numero AS `Candidatos__vl_numero`, Candidatos.nm_bairro AS `Candidatos__nm_bairro`, Candidatos.nm_cidade AS `Candidatos__nm_cidade`, Candidatos.vl_cep AS `Candidatos__vl_cep`, Candidatos.vl_tel AS `Candidatos__vl_tel`, Candidatos.periodo AS `Candidatos__periodo`, Candidatos.vl_cel AS `Candidatos__vl_cel`, Candidatos.ds_moradia AS `Candidatos__ds_moradia`, Candidatos.ds_dependentes AS `Candidatos__ds_dependentes`, Candidatos.ds_rendafamiliar AS `Candidatos__ds_rendafamiliar`, Candidatos.ds_transporte AS `Candidatos__ds_transporte`, Candidatos.ds_info_compl AS `Candidatos__ds_info_compl`, Candidatos.ds_recebeobs AS `Candidatos__ds_recebeobs`, Candidatos.ic_deficiente AS `Candidatos__ic_deficiente`, Candidatos.ic_recurso AS `Candidatos__ic_recurso`, Candidatos.ds_motivo_recurso AS `Candidatos__ds_motivo_recurso`, Candidatos.ic_ano_anterior AS `Candidatos__ic_ano_anterior`, Candidatos.ic_recebido AS `Candidatos__ic_recebido`, Candidatos.ic_aprovado AS `Candidatos__ic_aprovado`, Candidatos.ic_deletado AS `Candidatos__ic_deletado`, Candidatos.created AS `Candidatos__created`, Candidatos.modified AS `Candidatos__modified` FROM candidatos Candidatos ORDER BY Candidatos.nm_candidato ASC LIMIT 20 OFFSET 0
2021-03-22 18:14:19 Debug: duration=0 rows=1 SELECT (COUNT(*)) AS `count` FROM candidatos Candidatos
2021-03-22 18:14:39 Debug: duration=40 rows=2 SHOW FULL COLUMNS FROM `groups`
2021-03-22 18:14:39 Debug: duration=0 rows=1 SHOW INDEXES FROM `groups`
2021-03-22 18:14:39 Debug: duration=2 rows=0 SELECT * FROM information_schema.key_column_usage AS kcu
            INNER JOIN information_schema.referential_constraints AS rc
            ON (
                kcu.CONSTRAINT_NAME = rc.CONSTRAINT_NAME
                AND kcu.CONSTRAINT_SCHEMA = rc.CONSTRAINT_SCHEMA
            )
            WHERE kcu.TABLE_SCHEMA = 'bolsaestudo' AND kcu.TABLE_NAME = 'groups' AND rc.TABLE_NAME = 'groups'
2021-03-22 18:14:39 Debug: duration=1 rows=1 SHOW TABLE STATUS WHERE Name = 'groups'
2021-03-22 18:14:39 Debug: duration=19 rows=7 SHOW FULL COLUMNS FROM `users`
2021-03-22 18:14:39 Debug: duration=0 rows=1 SHOW INDEXES FROM `users`
2021-03-22 18:14:39 Debug: duration=1 rows=0 SELECT * FROM information_schema.key_column_usage AS kcu
            INNER JOIN information_schema.referential_constraints AS rc
            ON (
                kcu.CONSTRAINT_NAME = rc.CONSTRAINT_NAME
                AND kcu.CONSTRAINT_SCHEMA = rc.CONSTRAINT_SCHEMA
            )
            WHERE kcu.TABLE_SCHEMA = 'bolsaestudo' AND kcu.TABLE_NAME = 'users' AND rc.TABLE_NAME = 'users'
2021-03-22 18:14:39 Debug: duration=2 rows=1 SHOW TABLE STATUS WHERE Name = 'users'
2021-03-22 18:14:39 Debug: duration=0 rows=2 SELECT Groups.id AS `Groups__id` FROM groups Groups LIMIT 200
2021-03-22 18:19:46 Debug: duration=27 rows=2 SHOW FULL COLUMNS FROM `groups`
2021-03-22 18:19:46 Debug: duration=0 rows=1 SHOW INDEXES FROM `groups`
2021-03-22 18:19:46 Debug: duration=1 rows=0 SELECT * FROM information_schema.key_column_usage AS kcu
            INNER JOIN information_schema.referential_constraints AS rc
            ON (
                kcu.CONSTRAINT_NAME = rc.CONSTRAINT_NAME
                AND kcu.CONSTRAINT_SCHEMA = rc.CONSTRAINT_SCHEMA
            )
            WHERE kcu.TABLE_SCHEMA = 'bolsaestudo' AND kcu.TABLE_NAME = 'groups' AND rc.TABLE_NAME = 'groups'
2021-03-22 18:19:46 Debug: duration=1 rows=1 SHOW TABLE STATUS WHERE Name = 'groups'
2021-03-22 18:19:46 Debug: duration=38 rows=7 SHOW FULL COLUMNS FROM `users`
2021-03-22 18:19:46 Debug: duration=0 rows=1 SHOW INDEXES FROM `users`
2021-03-22 18:19:46 Debug: duration=1 rows=0 SELECT * FROM information_schema.key_column_usage AS kcu
            INNER JOIN information_schema.referential_constraints AS rc
            ON (
                kcu.CONSTRAINT_NAME = rc.CONSTRAINT_NAME
                AND kcu.CONSTRAINT_SCHEMA = rc.CONSTRAINT_SCHEMA
            )
            WHERE kcu.TABLE_SCHEMA = 'bolsaestudo' AND kcu.TABLE_NAME = 'users' AND rc.TABLE_NAME = 'users'
2021-03-22 18:19:46 Debug: duration=1 rows=1 SHOW TABLE STATUS WHERE Name = 'users'
2021-03-22 18:19:46 Debug: duration=0 rows=2 SELECT Groups.id AS `Groups__id` FROM groups Groups LIMIT 200
2021-03-22 18:25:10 Debug: duration=65 rows=7 SHOW FULL COLUMNS FROM `users`
2021-03-22 18:25:10 Debug: duration=0 rows=1 SHOW INDEXES FROM `users`
2021-03-22 18:25:10 Debug: duration=1 rows=0 SELECT * FROM information_schema.key_column_usage AS kcu
            INNER JOIN information_schema.referential_constraints AS rc
            ON (
                kcu.CONSTRAINT_NAME = rc.CONSTRAINT_NAME
                AND kcu.CONSTRAINT_SCHEMA = rc.CONSTRAINT_SCHEMA
            )
            WHERE kcu.TABLE_SCHEMA = 'bolsaestudo' AND kcu.TABLE_NAME = 'users' AND rc.TABLE_NAME = 'users'
2021-03-22 18:25:10 Debug: duration=1 rows=1 SHOW TABLE STATUS WHERE Name = 'users'
2021-03-22 18:25:10 Debug: duration=56 rows=0 SELECT Users.id AS `Users__id`, Users.login AS `Users__login`, Users.password AS `Users__password`, Users.created AS `Users__created`, Users.active AS `Users__active`, Users.group_id AS `Users__group_id`, Users.sistema AS `Users__sistema` FROM users Users WHERE Users.username = 'flaviasilva' LIMIT 1
2021-03-22 18:25:10 Debug: duration=1 rows=0 SELECT Users.id AS `Users__id`, Users.login AS `Users__login`, Users.password AS `Users__password`, Users.created AS `Users__created`, Users.active AS `Users__active`, Users.group_id AS `Users__group_id`, Users.sistema AS `Users__sistema` FROM users Users WHERE Users.username = 'flaviasilva' LIMIT 1
2021-03-22 18:30:48 Debug: duration=38 rows=7 SHOW FULL COLUMNS FROM `users`
2021-03-22 18:30:48 Debug: duration=0 rows=1 SHOW INDEXES FROM `users`
2021-03-22 18:30:48 Debug: duration=20 rows=0 SELECT * FROM information_schema.key_column_usage AS kcu
            INNER JOIN information_schema.referential_constraints AS rc
            ON (
                kcu.CONSTRAINT_NAME = rc.CONSTRAINT_NAME
                AND kcu.CONSTRAINT_SCHEMA = rc.CONSTRAINT_SCHEMA
            )
            WHERE kcu.TABLE_SCHEMA = 'bolsaestudo' AND kcu.TABLE_NAME = 'users' AND rc.TABLE_NAME = 'users'
2021-03-22 18:30:48 Debug: duration=1 rows=1 SHOW TABLE STATUS WHERE Name = 'users'
2021-03-22 18:30:48 Debug: duration=0 rows=1 SELECT Users.id AS `Users__id`, Users.username AS `Users__username`, Users.password AS `Users__password`, Users.created AS `Users__created`, Users.active AS `Users__active`, Users.group_id AS `Users__group_id`, Users.sistema AS `Users__sistema` FROM users Users WHERE Users.username = 'flaviasilva' LIMIT 1
2021-03-22 18:31:26 Debug: duration=1 rows=1 SELECT Users.id AS `Users__id`, Users.username AS `Users__username`, Users.password AS `Users__password`, Users.created AS `Users__created`, Users.active AS `Users__active`, Users.group_id AS `Users__group_id`, Users.sistema AS `Users__sistema` FROM users Users WHERE Users.username = 'flaviasilva' LIMIT 1
2021-03-22 18:31:26 Debug: duration=14 rows=36 SHOW FULL COLUMNS FROM `candidatos`
2021-03-22 18:31:26 Debug: duration=0 rows=1 SHOW INDEXES FROM `candidatos`
2021-03-22 18:31:26 Debug: duration=1 rows=0 SELECT * FROM information_schema.key_column_usage AS kcu
            INNER JOIN information_schema.referential_constraints AS rc
            ON (
                kcu.CONSTRAINT_NAME = rc.CONSTRAINT_NAME
                AND kcu.CONSTRAINT_SCHEMA = rc.CONSTRAINT_SCHEMA
            )
            WHERE kcu.TABLE_SCHEMA = 'bolsaestudo' AND kcu.TABLE_NAME = 'candidatos' AND rc.TABLE_NAME = 'candidatos'
2021-03-22 18:31:26 Debug: duration=1 rows=1 SHOW TABLE STATUS WHERE Name = 'candidatos'
2021-03-22 18:31:26 Debug: duration=1 rows=15 SELECT Candidatos.id AS `Candidatos__id`, Candidatos.nm_candidato AS `Candidatos__nm_candidato`, Candidatos.responsavel_id AS `Candidatos__responsavel_id`, Candidatos.escola_id AS `Candidatos__escola_id`, Candidatos.tipo_id AS `Candidatos__tipo_id`, Candidatos.ano_id AS `Candidatos__ano_id`, Candidatos.vl_ctnumero AS `Candidatos__vl_ctnumero`, Candidatos.vl_ctlivro AS `Candidatos__vl_ctlivro`, Candidatos.vl_ctfolha AS `Candidatos__vl_ctfolha`, Candidatos.dt_nascimento AS `Candidatos__dt_nascimento`, Candidatos.vl_rg AS `Candidatos__vl_rg`, Candidatos.nm_mae AS `Candidatos__nm_mae`, Candidatos.nm_pai AS `Candidatos__nm_pai`, Candidatos.nm_rua AS `Candidatos__nm_rua`, Candidatos.vl_numero AS `Candidatos__vl_numero`, Candidatos.nm_bairro AS `Candidatos__nm_bairro`, Candidatos.nm_cidade AS `Candidatos__nm_cidade`, Candidatos.vl_cep AS `Candidatos__vl_cep`, Candidatos.vl_tel AS `Candidatos__vl_tel`, Candidatos.periodo AS `Candidatos__periodo`, Candidatos.vl_cel AS `Candidatos__vl_cel`, Candidatos.ds_moradia AS `Candidatos__ds_moradia`, Candidatos.ds_dependentes AS `Candidatos__ds_dependentes`, Candidatos.ds_rendafamiliar AS `Candidatos__ds_rendafamiliar`, Candidatos.ds_transporte AS `Candidatos__ds_transporte`, Candidatos.ds_info_compl AS `Candidatos__ds_info_compl`, Candidatos.ds_recebeobs AS `Candidatos__ds_recebeobs`, Candidatos.ic_deficiente AS `Candidatos__ic_deficiente`, Candidatos.ic_recurso AS `Candidatos__ic_recurso`, Candidatos.ds_motivo_recurso AS `Candidatos__ds_motivo_recurso`, Candidatos.ic_ano_anterior AS `Candidatos__ic_ano_anterior`, Candidatos.ic_recebido AS `Candidatos__ic_recebido`, Candidatos.ic_aprovado AS `Candidatos__ic_aprovado`, Candidatos.ic_deletado AS `Candidatos__ic_deletado`, Candidatos.created AS `Candidatos__created`, Candidatos.modified AS `Candidatos__modified` FROM candidatos Candidatos ORDER BY Candidatos.nm_candidato ASC LIMIT 20 OFFSET 0
2021-03-22 18:31:26 Debug: duration=0 rows=1 SELECT (COUNT(*)) AS `count` FROM candidatos Candidatos
2021-03-22 18:32:13 Debug: duration=1 rows=1 SELECT Users.id AS `Users__id`, Users.username AS `Users__username`, Users.password AS `Users__password`, Users.created AS `Users__created`, Users.active AS `Users__active`, Users.group_id AS `Users__group_id`, Users.sistema AS `Users__sistema` FROM users Users WHERE Users.username = 'flaviasilva' LIMIT 1
2021-03-22 18:32:13 Debug: duration=1 rows=15 SELECT Candidatos.id AS `Candidatos__id`, Candidatos.nm_candidato AS `Candidatos__nm_candidato`, Candidatos.responsavel_id AS `Candidatos__responsavel_id`, Candidatos.escola_id AS `Candidatos__escola_id`, Candidatos.tipo_id AS `Candidatos__tipo_id`, Candidatos.ano_id AS `Candidatos__ano_id`, Candidatos.vl_ctnumero AS `Candidatos__vl_ctnumero`, Candidatos.vl_ctlivro AS `Candidatos__vl_ctlivro`, Candidatos.vl_ctfolha AS `Candidatos__vl_ctfolha`, Candidatos.dt_nascimento AS `Candidatos__dt_nascimento`, Candidatos.vl_rg AS `Candidatos__vl_rg`, Candidatos.nm_mae AS `Candidatos__nm_mae`, Candidatos.nm_pai AS `Candidatos__nm_pai`, Candidatos.nm_rua AS `Candidatos__nm_rua`, Candidatos.vl_numero AS `Candidatos__vl_numero`, Candidatos.nm_bairro AS `Candidatos__nm_bairro`, Candidatos.nm_cidade AS `Candidatos__nm_cidade`, Candidatos.vl_cep AS `Candidatos__vl_cep`, Candidatos.vl_tel AS `Candidatos__vl_tel`, Candidatos.periodo AS `Candidatos__periodo`, Candidatos.vl_cel AS `Candidatos__vl_cel`, Candidatos.ds_moradia AS `Candidatos__ds_moradia`, Candidatos.ds_dependentes AS `Candidatos__ds_dependentes`, Candidatos.ds_rendafamiliar AS `Candidatos__ds_rendafamiliar`, Candidatos.ds_transporte AS `Candidatos__ds_transporte`, Candidatos.ds_info_compl AS `Candidatos__ds_info_compl`, Candidatos.ds_recebeobs AS `Candidatos__ds_recebeobs`, Candidatos.ic_deficiente AS `Candidatos__ic_deficiente`, Candidatos.ic_recurso AS `Candidatos__ic_recurso`, Candidatos.ds_motivo_recurso AS `Candidatos__ds_motivo_recurso`, Candidatos.ic_ano_anterior AS `Candidatos__ic_ano_anterior`, Candidatos.ic_recebido AS `Candidatos__ic_recebido`, Candidatos.ic_aprovado AS `Candidatos__ic_aprovado`, Candidatos.ic_deletado AS `Candidatos__ic_deletado`, Candidatos.created AS `Candidatos__created`, Candidatos.modified AS `Candidatos__modified` FROM candidatos Candidatos ORDER BY Candidatos.nm_candidato ASC LIMIT 20 OFFSET 0
2021-03-22 18:32:14 Debug: duration=0 rows=1 SELECT (COUNT(*)) AS `count` FROM candidatos Candidatos
2021-03-22 18:32:42 Debug: duration=25 rows=5 SHOW FULL COLUMNS FROM `escolas`
2021-03-22 18:32:42 Debug: duration=0 rows=1 SHOW INDEXES FROM `escolas`
2021-03-22 18:32:43 Debug: duration=49 rows=0 SELECT * FROM information_schema.key_column_usage AS kcu
            INNER JOIN information_schema.referential_constraints AS rc
            ON (
                kcu.CONSTRAINT_NAME = rc.CONSTRAINT_NAME
                AND kcu.CONSTRAINT_SCHEMA = rc.CONSTRAINT_SCHEMA
            )
            WHERE kcu.TABLE_SCHEMA = 'bolsaestudo' AND kcu.TABLE_NAME = 'escolas' AND rc.TABLE_NAME = 'escolas'
2021-03-22 18:32:43 Debug: duration=1 rows=1 SHOW TABLE STATUS WHERE Name = 'escolas'
2021-03-22 18:32:43 Debug: duration=14 rows=6 SHOW FULL COLUMNS FROM `anos`
2021-03-22 18:32:43 Debug: duration=0 rows=1 SHOW INDEXES FROM `anos`
2021-03-22 18:32:43 Debug: duration=15 rows=0 SELECT * FROM information_schema.key_column_usage AS kcu
            INNER JOIN information_schema.referential_constraints AS rc
            ON (
                kcu.CONSTRAINT_NAME = rc.CONSTRAINT_NAME
                AND kcu.CONSTRAINT_SCHEMA = rc.CONSTRAINT_SCHEMA
            )
            WHERE kcu.TABLE_SCHEMA = 'bolsaestudo' AND kcu.TABLE_NAME = 'anos' AND rc.TABLE_NAME = 'anos'
2021-03-22 18:32:43 Debug: duration=1 rows=1 SHOW TABLE STATUS WHERE Name = 'anos'
2021-03-22 18:32:43 Debug: duration=116 rows=8 SELECT Candidatos.id AS `Candidatos__id`, Candidatos.nm_candidato AS `Candidatos__nm_candidato`, Candidatos.responsavel_id AS `Candidatos__responsavel_id`, Candidatos.escola_id AS `Candidatos__escola_id`, Candidatos.tipo_id AS `Candidatos__tipo_id`, Candidatos.ano_id AS `Candidatos__ano_id`, Candidatos.vl_ctnumero AS `Candidatos__vl_ctnumero`, Candidatos.vl_ctlivro AS `Candidatos__vl_ctlivro`, Candidatos.vl_ctfolha AS `Candidatos__vl_ctfolha`, Candidatos.dt_nascimento AS `Candidatos__dt_nascimento`, Candidatos.vl_rg AS `Candidatos__vl_rg`, Candidatos.nm_mae AS `Candidatos__nm_mae`, Candidatos.nm_pai AS `Candidatos__nm_pai`, Candidatos.nm_rua AS `Candidatos__nm_rua`, Candidatos.vl_numero AS `Candidatos__vl_numero`, Candidatos.nm_bairro AS `Candidatos__nm_bairro`, Candidatos.nm_cidade AS `Candidatos__nm_cidade`, Candidatos.vl_cep AS `Candidatos__vl_cep`, Candidatos.vl_tel AS `Candidatos__vl_tel`, Candidatos.periodo AS `Candidatos__periodo`, Candidatos.vl_cel AS `Candidatos__vl_cel`, Candidatos.ds_moradia AS `Candidatos__ds_moradia`, Candidatos.ds_dependentes AS `Candidatos__ds_dependentes`, Candidatos.ds_rendafamiliar AS `Candidatos__ds_rendafamiliar`, Candidatos.ds_transporte AS `Candidatos__ds_transporte`, Candidatos.ds_info_compl AS `Candidatos__ds_info_compl`, Candidatos.ds_recebeobs AS `Candidatos__ds_recebeobs`, Candidatos.ic_deficiente AS `Candidatos__ic_deficiente`, Candidatos.ic_recurso AS `Candidatos__ic_recurso`, Candidatos.ds_motivo_recurso AS `Candidatos__ds_motivo_recurso`, Candidatos.ic_ano_anterior AS `Candidatos__ic_ano_anterior`, Candidatos.ic_recebido AS `Candidatos__ic_recebido`, Candidatos.ic_aprovado AS `Candidatos__ic_aprovado`, Candidatos.ic_deletado AS `Candidatos__ic_deletado`, Candidatos.created AS `Candidatos__created`, Candidatos.modified AS `Candidatos__modified`, Escolas.id AS `Escolas__id`, Escolas.nm_escola AS `Escolas__nm_escola`, Escolas.ic_ativo AS `Escolas__ic_ativo`, Escolas.created AS `Escolas__created`, Escolas.modified AS `Escolas__modified`, Anos.id AS `Anos__id`, Anos.nm_ano AS `Anos__nm_ano`, Anos.ic_ativo AS `Anos__ic_ativo`, Anos.created AS `Anos__created`, Anos.modified AS `Anos__modified`, Anos.tipo_id AS `Anos__tipo_id` FROM candidatos Candidatos INNER JOIN escolas Escolas ON Escolas.id = (Candidatos.escola_id) INNER JOIN anos Anos ON Anos.id = (Candidatos.ano_id) WHERE Upper(nm_candidato) like '%M%' LIMIT 20 OFFSET 0
2021-03-22 18:32:43 Debug: duration=1 rows=1 SELECT (COUNT(*)) AS `count` FROM candidatos Candidatos INNER JOIN escolas Escolas ON Escolas.id = (Candidatos.escola_id) INNER JOIN anos Anos ON Anos.id = (Candidatos.ano_id) WHERE Upper(nm_candidato) like '%M%'
2021-03-22 18:32:43 Debug: duration=1 rows=5 SELECT Candidatos.id AS `Candidatos__id`, Candidatos.nm_candidato AS `Candidatos__nm_candidato`, Candidatos.responsavel_id AS `Candidatos__responsavel_id`, Candidatos.escola_id AS `Candidatos__escola_id`, Candidatos.tipo_id AS `Candidatos__tipo_id`, Candidatos.ano_id AS `Candidatos__ano_id`, Candidatos.vl_ctnumero AS `Candidatos__vl_ctnumero`, Candidatos.vl_ctlivro AS `Candidatos__vl_ctlivro`, Candidatos.vl_ctfolha AS `Candidatos__vl_ctfolha`, Candidatos.dt_nascimento AS `Candidatos__dt_nascimento`, Candidatos.vl_rg AS `Candidatos__vl_rg`, Candidatos.nm_mae AS `Candidatos__nm_mae`, Candidatos.nm_pai AS `Candidatos__nm_pai`, Candidatos.nm_rua AS `Candidatos__nm_rua`, Candidatos.vl_numero AS `Candidatos__vl_numero`, Candidatos.nm_bairro AS `Candidatos__nm_bairro`, Candidatos.nm_cidade AS `Candidatos__nm_cidade`, Candidatos.vl_cep AS `Candidatos__vl_cep`, Candidatos.vl_tel AS `Candidatos__vl_tel`, Candidatos.periodo AS `Candidatos__periodo`, Candidatos.vl_cel AS `Candidatos__vl_cel`, Candidatos.ds_moradia AS `Candidatos__ds_moradia`, Candidatos.ds_dependentes AS `Candidatos__ds_dependentes`, Candidatos.ds_rendafamiliar AS `Candidatos__ds_rendafamiliar`, Candidatos.ds_transporte AS `Candidatos__ds_transporte`, Candidatos.ds_info_compl AS `Candidatos__ds_info_compl`, Candidatos.ds_recebeobs AS `Candidatos__ds_recebeobs`, Candidatos.ic_deficiente AS `Candidatos__ic_deficiente`, Candidatos.ic_recurso AS `Candidatos__ic_recurso`, Candidatos.ds_motivo_recurso AS `Candidatos__ds_motivo_recurso`, Candidatos.ic_ano_anterior AS `Candidatos__ic_ano_anterior`, Candidatos.ic_recebido AS `Candidatos__ic_recebido`, Candidatos.ic_aprovado AS `Candidatos__ic_aprovado`, Candidatos.ic_deletado AS `Candidatos__ic_deletado`, Candidatos.created AS `Candidatos__created`, Candidatos.modified AS `Candidatos__modified`, Escolas.id AS `Escolas__id`, Escolas.nm_escola AS `Escolas__nm_escola`, Escolas.ic_ativo AS `Escolas__ic_ativo`, Escolas.created AS `Escolas__created`, Escolas.modified AS `Escolas__modified`, Anos.id AS `Anos__id`, Anos.nm_ano AS `Anos__nm_ano`, Anos.ic_ativo AS `Anos__ic_ativo`, Anos.created AS `Anos__created`, Anos.modified AS `Anos__modified`, Anos.tipo_id AS `Anos__tipo_id` FROM candidatos Candidatos INNER JOIN escolas Escolas ON Escolas.id = (Candidatos.escola_id) INNER JOIN anos Anos ON Anos.id = (Candidatos.ano_id) WHERE Upper(nm_candidato) like '%MA%' LIMIT 20 OFFSET 0
2021-03-22 18:32:43 Debug: duration=0 rows=1 SELECT (COUNT(*)) AS `count` FROM candidatos Candidatos INNER JOIN escolas Escolas ON Escolas.id = (Candidatos.escola_id) INNER JOIN anos Anos ON Anos.id = (Candidatos.ano_id) WHERE Upper(nm_candidato) like '%MA%'
2021-03-22 18:32:43 Debug: duration=1 rows=2 SELECT Candidatos.id AS `Candidatos__id`, Candidatos.nm_candidato AS `Candidatos__nm_candidato`, Candidatos.responsavel_id AS `Candidatos__responsavel_id`, Candidatos.escola_id AS `Candidatos__escola_id`, Candidatos.tipo_id AS `Candidatos__tipo_id`, Candidatos.ano_id AS `Candidatos__ano_id`, Candidatos.vl_ctnumero AS `Candidatos__vl_ctnumero`, Candidatos.vl_ctlivro AS `Candidatos__vl_ctlivro`, Candidatos.vl_ctfolha AS `Candidatos__vl_ctfolha`, Candidatos.dt_nascimento AS `Candidatos__dt_nascimento`, Candidatos.vl_rg AS `Candidatos__vl_rg`, Candidatos.nm_mae AS `Candidatos__nm_mae`, Candidatos.nm_pai AS `Candidatos__nm_pai`, Candidatos.nm_rua AS `Candidatos__nm_rua`, Candidatos.vl_numero AS `Candidatos__vl_numero`, Candidatos.nm_bairro AS `Candidatos__nm_bairro`, Candidatos.nm_cidade AS `Candidatos__nm_cidade`, Candidatos.vl_cep AS `Candidatos__vl_cep`, Candidatos.vl_tel AS `Candidatos__vl_tel`, Candidatos.periodo AS `Candidatos__periodo`, Candidatos.vl_cel AS `Candidatos__vl_cel`, Candidatos.ds_moradia AS `Candidatos__ds_moradia`, Candidatos.ds_dependentes AS `Candidatos__ds_dependentes`, Candidatos.ds_rendafamiliar AS `Candidatos__ds_rendafamiliar`, Candidatos.ds_transporte AS `Candidatos__ds_transporte`, Candidatos.ds_info_compl AS `Candidatos__ds_info_compl`, Candidatos.ds_recebeobs AS `Candidatos__ds_recebeobs`, Candidatos.ic_deficiente AS `Candidatos__ic_deficiente`, Candidatos.ic_recurso AS `Candidatos__ic_recurso`, Candidatos.ds_motivo_recurso AS `Candidatos__ds_motivo_recurso`, Candidatos.ic_ano_anterior AS `Candidatos__ic_ano_anterior`, Candidatos.ic_recebido AS `Candidatos__ic_recebido`, Candidatos.ic_aprovado AS `Candidatos__ic_aprovado`, Candidatos.ic_deletado AS `Candidatos__ic_deletado`, Candidatos.created AS `Candidatos__created`, Candidatos.modified AS `Candidatos__modified`, Escolas.id AS `Escolas__id`, Escolas.nm_escola AS `Escolas__nm_escola`, Escolas.ic_ativo AS `Escolas__ic_ativo`, Escolas.created AS `Escolas__created`, Escolas.modified AS `Escolas__modified`, Anos.id AS `Anos__id`, Anos.nm_ano AS `Anos__nm_ano`, Anos.ic_ativo AS `Anos__ic_ativo`, Anos.created AS `Anos__created`, Anos.modified AS `Anos__modified`, Anos.tipo_id AS `Anos__tipo_id` FROM candidatos Candidatos INNER JOIN escolas Escolas ON Escolas.id = (Candidatos.escola_id) INNER JOIN anos Anos ON Anos.id = (Candidatos.ano_id) WHERE Upper(nm_candidato) like '%MAT%' LIMIT 20 OFFSET 0
2021-03-22 18:32:43 Debug: duration=0 rows=1 SELECT (COUNT(*)) AS `count` FROM candidatos Candidatos INNER JOIN escolas Escolas ON Escolas.id = (Candidatos.escola_id) INNER JOIN anos Anos ON Anos.id = (Candidatos.ano_id) WHERE Upper(nm_candidato) like '%MAT%'
2021-03-22 18:32:44 Debug: duration=1 rows=2 SELECT Candidatos.id AS `Candidatos__id`, Candidatos.nm_candidato AS `Candidatos__nm_candidato`, Candidatos.responsavel_id AS `Candidatos__responsavel_id`, Candidatos.escola_id AS `Candidatos__escola_id`, Candidatos.tipo_id AS `Candidatos__tipo_id`, Candidatos.ano_id AS `Candidatos__ano_id`, Candidatos.vl_ctnumero AS `Candidatos__vl_ctnumero`, Candidatos.vl_ctlivro AS `Candidatos__vl_ctlivro`, Candidatos.vl_ctfolha AS `Candidatos__vl_ctfolha`, Candidatos.dt_nascimento AS `Candidatos__dt_nascimento`, Candidatos.vl_rg AS `Candidatos__vl_rg`, Candidatos.nm_mae AS `Candidatos__nm_mae`, Candidatos.nm_pai AS `Candidatos__nm_pai`, Candidatos.nm_rua AS `Candidatos__nm_rua`, Candidatos.vl_numero AS `Candidatos__vl_numero`, Candidatos.nm_bairro AS `Candidatos__nm_bairro`, Candidatos.nm_cidade AS `Candidatos__nm_cidade`, Candidatos.vl_cep AS `Candidatos__vl_cep`, Candidatos.vl_tel AS `Candidatos__vl_tel`, Candidatos.periodo AS `Candidatos__periodo`, Candidatos.vl_cel AS `Candidatos__vl_cel`, Candidatos.ds_moradia AS `Candidatos__ds_moradia`, Candidatos.ds_dependentes AS `Candidatos__ds_dependentes`, Candidatos.ds_rendafamiliar AS `Candidatos__ds_rendafamiliar`, Candidatos.ds_transporte AS `Candidatos__ds_transporte`, Candidatos.ds_info_compl AS `Candidatos__ds_info_compl`, Candidatos.ds_recebeobs AS `Candidatos__ds_recebeobs`, Candidatos.ic_deficiente AS `Candidatos__ic_deficiente`, Candidatos.ic_recurso AS `Candidatos__ic_recurso`, Candidatos.ds_motivo_recurso AS `Candidatos__ds_motivo_recurso`, Candidatos.ic_ano_anterior AS `Candidatos__ic_ano_anterior`, Candidatos.ic_recebido AS `Candidatos__ic_recebido`, Candidatos.ic_aprovado AS `Candidatos__ic_aprovado`, Candidatos.ic_deletado AS `Candidatos__ic_deletado`, Candidatos.created AS `Candidatos__created`, Candidatos.modified AS `Candidatos__modified`, Escolas.id AS `Escolas__id`, Escolas.nm_escola AS `Escolas__nm_escola`, Escolas.ic_ativo AS `Escolas__ic_ativo`, Escolas.created AS `Escolas__created`, Escolas.modified AS `Escolas__modified`, Anos.id AS `Anos__id`, Anos.nm_ano AS `Anos__nm_ano`, Anos.ic_ativo AS `Anos__ic_ativo`, Anos.created AS `Anos__created`, Anos.modified AS `Anos__modified`, Anos.tipo_id AS `Anos__tipo_id` FROM candidatos Candidatos INNER JOIN escolas Escolas ON Escolas.id = (Candidatos.escola_id) INNER JOIN anos Anos ON Anos.id = (Candidatos.ano_id) WHERE Upper(nm_candidato) like '%MATH%' LIMIT 20 OFFSET 0
2021-03-22 18:32:44 Debug: duration=0 rows=1 SELECT (COUNT(*)) AS `count` FROM candidatos Candidatos INNER JOIN escolas Escolas ON Escolas.id = (Candidatos.escola_id) INNER JOIN anos Anos ON Anos.id = (Candidatos.ano_id) WHERE Upper(nm_candidato) like '%MATH%'
2021-03-22 18:32:44 Debug: duration=1 rows=2 SELECT Candidatos.id AS `Candidatos__id`, Candidatos.nm_candidato AS `Candidatos__nm_candidato`, Candidatos.responsavel_id AS `Candidatos__responsavel_id`, Candidatos.escola_id AS `Candidatos__escola_id`, Candidatos.tipo_id AS `Candidatos__tipo_id`, Candidatos.ano_id AS `Candidatos__ano_id`, Candidatos.vl_ctnumero AS `Candidatos__vl_ctnumero`, Candidatos.vl_ctlivro AS `Candidatos__vl_ctlivro`, Candidatos.vl_ctfolha AS `Candidatos__vl_ctfolha`, Candidatos.dt_nascimento AS `Candidatos__dt_nascimento`, Candidatos.vl_rg AS `Candidatos__vl_rg`, Candidatos.nm_mae AS `Candidatos__nm_mae`, Candidatos.nm_pai AS `Candidatos__nm_pai`, Candidatos.nm_rua AS `Candidatos__nm_rua`, Candidatos.vl_numero AS `Candidatos__vl_numero`, Candidatos.nm_bairro AS `Candidatos__nm_bairro`, Candidatos.nm_cidade AS `Candidatos__nm_cidade`, Candidatos.vl_cep AS `Candidatos__vl_cep`, Candidatos.vl_tel AS `Candidatos__vl_tel`, Candidatos.periodo AS `Candidatos__periodo`, Candidatos.vl_cel AS `Candidatos__vl_cel`, Candidatos.ds_moradia AS `Candidatos__ds_moradia`, Candidatos.ds_dependentes AS `Candidatos__ds_dependentes`, Candidatos.ds_rendafamiliar AS `Candidatos__ds_rendafamiliar`, Candidatos.ds_transporte AS `Candidatos__ds_transporte`, Candidatos.ds_info_compl AS `Candidatos__ds_info_compl`, Candidatos.ds_recebeobs AS `Candidatos__ds_recebeobs`, Candidatos.ic_deficiente AS `Candidatos__ic_deficiente`, Candidatos.ic_recurso AS `Candidatos__ic_recurso`, Candidatos.ds_motivo_recurso AS `Candidatos__ds_motivo_recurso`, Candidatos.ic_ano_anterior AS `Candidatos__ic_ano_anterior`, Candidatos.ic_recebido AS `Candidatos__ic_recebido`, Candidatos.ic_aprovado AS `Candidatos__ic_aprovado`, Candidatos.ic_deletado AS `Candidatos__ic_deletado`, Candidatos.created AS `Candidatos__created`, Candidatos.modified AS `Candidatos__modified`, Escolas.id AS `Escolas__id`, Escolas.nm_escola AS `Escolas__nm_escola`, Escolas.ic_ativo AS `Escolas__ic_ativo`, Escolas.created AS `Escolas__created`, Escolas.modified AS `Escolas__modified`, Anos.id AS `Anos__id`, Anos.nm_ano AS `Anos__nm_ano`, Anos.ic_ativo AS `Anos__ic_ativo`, Anos.created AS `Anos__created`, Anos.modified AS `Anos__modified`, Anos.tipo_id AS `Anos__tipo_id` FROM candidatos Candidatos INNER JOIN escolas Escolas ON Escolas.id = (Candidatos.escola_id) INNER JOIN anos Anos ON Anos.id = (Candidatos.ano_id) WHERE Upper(nm_candidato) like '%MATHE%' LIMIT 20 OFFSET 0
2021-03-22 18:32:44 Debug: duration=0 rows=1 SELECT (COUNT(*)) AS `count` FROM candidatos Candidatos INNER JOIN escolas Escolas ON Escolas.id = (Candidatos.escola_id) INNER JOIN anos Anos ON Anos.id = (Candidatos.ano_id) WHERE Upper(nm_candidato) like '%MATHE%'
2021-03-22 18:32:46 Debug: duration=1 rows=2 SELECT Candidatos.id AS `Candidatos__id`, Candidatos.nm_candidato AS `Candidatos__nm_candidato`, Candidatos.responsavel_id AS `Candidatos__responsavel_id`, Candidatos.escola_id AS `Candidatos__escola_id`, Candidatos.tipo_id AS `Candidatos__tipo_id`, Candidatos.ano_id AS `Candidatos__ano_id`, Candidatos.vl_ctnumero AS `Candidatos__vl_ctnumero`, Candidatos.vl_ctlivro AS `Candidatos__vl_ctlivro`, Candidatos.vl_ctfolha AS `Candidatos__vl_ctfolha`, Candidatos.dt_nascimento AS `Candidatos__dt_nascimento`, Candidatos.vl_rg AS `Candidatos__vl_rg`, Candidatos.nm_mae AS `Candidatos__nm_mae`, Candidatos.nm_pai AS `Candidatos__nm_pai`, Candidatos.nm_rua AS `Candidatos__nm_rua`, Candidatos.vl_numero AS `Candidatos__vl_numero`, Candidatos.nm_bairro AS `Candidatos__nm_bairro`, Candidatos.nm_cidade AS `Candidatos__nm_cidade`, Candidatos.vl_cep AS `Candidatos__vl_cep`, Candidatos.vl_tel AS `Candidatos__vl_tel`, Candidatos.periodo AS `Candidatos__periodo`, Candidatos.vl_cel AS `Candidatos__vl_cel`, Candidatos.ds_moradia AS `Candidatos__ds_moradia`, Candidatos.ds_dependentes AS `Candidatos__ds_dependentes`, Candidatos.ds_rendafamiliar AS `Candidatos__ds_rendafamiliar`, Candidatos.ds_transporte AS `Candidatos__ds_transporte`, Candidatos.ds_info_compl AS `Candidatos__ds_info_compl`, Candidatos.ds_recebeobs AS `Candidatos__ds_recebeobs`, Candidatos.ic_deficiente AS `Candidatos__ic_deficiente`, Candidatos.ic_recurso AS `Candidatos__ic_recurso`, Candidatos.ds_motivo_recurso AS `Candidatos__ds_motivo_recurso`, Candidatos.ic_ano_anterior AS `Candidatos__ic_ano_anterior`, Candidatos.ic_recebido AS `Candidatos__ic_recebido`, Candidatos.ic_aprovado AS `Candidatos__ic_aprovado`, Candidatos.ic_deletado AS `Candidatos__ic_deletado`, Candidatos.created AS `Candidatos__created`, Candidatos.modified AS `Candidatos__modified`, Escolas.id AS `Escolas__id`, Escolas.nm_escola AS `Escolas__nm_escola`, Escolas.ic_ativo AS `Escolas__ic_ativo`, Escolas.created AS `Escolas__created`, Escolas.modified AS `Escolas__modified`, Anos.id AS `Anos__id`, Anos.nm_ano AS `Anos__nm_ano`, Anos.ic_ativo AS `Anos__ic_ativo`, Anos.created AS `Anos__created`, Anos.modified AS `Anos__modified`, Anos.tipo_id AS `Anos__tipo_id` FROM candidatos Candidatos INNER JOIN escolas Escolas ON Escolas.id = (Candidatos.escola_id) INNER JOIN anos Anos ON Anos.id = (Candidatos.ano_id) WHERE Upper(nm_candidato) like '%MATH%' LIMIT 20 OFFSET 0
2021-03-22 18:32:46 Debug: duration=0 rows=1 SELECT (COUNT(*)) AS `count` FROM candidatos Candidatos INNER JOIN escolas Escolas ON Escolas.id = (Candidatos.escola_id) INNER JOIN anos Anos ON Anos.id = (Candidatos.ano_id) WHERE Upper(nm_candidato) like '%MATH%'
2021-03-22 18:32:46 Debug: duration=1 rows=2 SELECT Candidatos.id AS `Candidatos__id`, Candidatos.nm_candidato AS `Candidatos__nm_candidato`, Candidatos.responsavel_id AS `Candidatos__responsavel_id`, Candidatos.escola_id AS `Candidatos__escola_id`, Candidatos.tipo_id AS `Candidatos__tipo_id`, Candidatos.ano_id AS `Candidatos__ano_id`, Candidatos.vl_ctnumero AS `Candidatos__vl_ctnumero`, Candidatos.vl_ctlivro AS `Candidatos__vl_ctlivro`, Candidatos.vl_ctfolha AS `Candidatos__vl_ctfolha`, Candidatos.dt_nascimento AS `Candidatos__dt_nascimento`, Candidatos.vl_rg AS `Candidatos__vl_rg`, Candidatos.nm_mae AS `Candidatos__nm_mae`, Candidatos.nm_pai AS `Candidatos__nm_pai`, Candidatos.nm_rua AS `Candidatos__nm_rua`, Candidatos.vl_numero AS `Candidatos__vl_numero`, Candidatos.nm_bairro AS `Candidatos__nm_bairro`, Candidatos.nm_cidade AS `Candidatos__nm_cidade`, Candidatos.vl_cep AS `Candidatos__vl_cep`, Candidatos.vl_tel AS `Candidatos__vl_tel`, Candidatos.periodo AS `Candidatos__periodo`, Candidatos.vl_cel AS `Candidatos__vl_cel`, Candidatos.ds_moradia AS `Candidatos__ds_moradia`, Candidatos.ds_dependentes AS `Candidatos__ds_dependentes`, Candidatos.ds_rendafamiliar AS `Candidatos__ds_rendafamiliar`, Candidatos.ds_transporte AS `Candidatos__ds_transporte`, Candidatos.ds_info_compl AS `Candidatos__ds_info_compl`, Candidatos.ds_recebeobs AS `Candidatos__ds_recebeobs`, Candidatos.ic_deficiente AS `Candidatos__ic_deficiente`, Candidatos.ic_recurso AS `Candidatos__ic_recurso`, Candidatos.ds_motivo_recurso AS `Candidatos__ds_motivo_recurso`, Candidatos.ic_ano_anterior AS `Candidatos__ic_ano_anterior`, Candidatos.ic_recebido AS `Candidatos__ic_recebido`, Candidatos.ic_aprovado AS `Candidatos__ic_aprovado`, Candidatos.ic_deletado AS `Candidatos__ic_deletado`, Candidatos.created AS `Candidatos__created`, Candidatos.modified AS `Candidatos__modified`, Escolas.id AS `Escolas__id`, Escolas.nm_escola AS `Escolas__nm_escola`, Escolas.ic_ativo AS `Escolas__ic_ativo`, Escolas.created AS `Escolas__created`, Escolas.modified AS `Escolas__modified`, Anos.id AS `Anos__id`, Anos.nm_ano AS `Anos__nm_ano`, Anos.ic_ativo AS `Anos__ic_ativo`, Anos.created AS `Anos__created`, Anos.modified AS `Anos__modified`, Anos.tipo_id AS `Anos__tipo_id` FROM candidatos Candidatos INNER JOIN escolas Escolas ON Escolas.id = (Candidatos.escola_id) INNER JOIN anos Anos ON Anos.id = (Candidatos.ano_id) WHERE Upper(nm_candidato) like '%MAT%' LIMIT 20 OFFSET 0
2021-03-22 18:32:46 Debug: duration=0 rows=1 SELECT (COUNT(*)) AS `count` FROM candidatos Candidatos INNER JOIN escolas Escolas ON Escolas.id = (Candidatos.escola_id) INNER JOIN anos Anos ON Anos.id = (Candidatos.ano_id) WHERE Upper(nm_candidato) like '%MAT%'
2021-03-22 18:32:47 Debug: duration=1 rows=5 SELECT Candidatos.id AS `Candidatos__id`, Candidatos.nm_candidato AS `Candidatos__nm_candidato`, Candidatos.responsavel_id AS `Candidatos__responsavel_id`, Candidatos.escola_id AS `Candidatos__escola_id`, Candidatos.tipo_id AS `Candidatos__tipo_id`, Candidatos.ano_id AS `Candidatos__ano_id`, Candidatos.vl_ctnumero AS `Candidatos__vl_ctnumero`, Candidatos.vl_ctlivro AS `Candidatos__vl_ctlivro`, Candidatos.vl_ctfolha AS `Candidatos__vl_ctfolha`, Candidatos.dt_nascimento AS `Candidatos__dt_nascimento`, Candidatos.vl_rg AS `Candidatos__vl_rg`, Candidatos.nm_mae AS `Candidatos__nm_mae`, Candidatos.nm_pai AS `Candidatos__nm_pai`, Candidatos.nm_rua AS `Candidatos__nm_rua`, Candidatos.vl_numero AS `Candidatos__vl_numero`, Candidatos.nm_bairro AS `Candidatos__nm_bairro`, Candidatos.nm_cidade AS `Candidatos__nm_cidade`, Candidatos.vl_cep AS `Candidatos__vl_cep`, Candidatos.vl_tel AS `Candidatos__vl_tel`, Candidatos.periodo AS `Candidatos__periodo`, Candidatos.vl_cel AS `Candidatos__vl_cel`, Candidatos.ds_moradia AS `Candidatos__ds_moradia`, Candidatos.ds_dependentes AS `Candidatos__ds_dependentes`, Candidatos.ds_rendafamiliar AS `Candidatos__ds_rendafamiliar`, Candidatos.ds_transporte AS `Candidatos__ds_transporte`, Candidatos.ds_info_compl AS `Candidatos__ds_info_compl`, Candidatos.ds_recebeobs AS `Candidatos__ds_recebeobs`, Candidatos.ic_deficiente AS `Candidatos__ic_deficiente`, Candidatos.ic_recurso AS `Candidatos__ic_recurso`, Candidatos.ds_motivo_recurso AS `Candidatos__ds_motivo_recurso`, Candidatos.ic_ano_anterior AS `Candidatos__ic_ano_anterior`, Candidatos.ic_recebido AS `Candidatos__ic_recebido`, Candidatos.ic_aprovado AS `Candidatos__ic_aprovado`, Candidatos.ic_deletado AS `Candidatos__ic_deletado`, Candidatos.created AS `Candidatos__created`, Candidatos.modified AS `Candidatos__modified`, Escolas.id AS `Escolas__id`, Escolas.nm_escola AS `Escolas__nm_escola`, Escolas.ic_ativo AS `Escolas__ic_ativo`, Escolas.created AS `Escolas__created`, Escolas.modified AS `Escolas__modified`, Anos.id AS `Anos__id`, Anos.nm_ano AS `Anos__nm_ano`, Anos.ic_ativo AS `Anos__ic_ativo`, Anos.created AS `Anos__created`, Anos.modified AS `Anos__modified`, Anos.tipo_id AS `Anos__tipo_id` FROM candidatos Candidatos INNER JOIN escolas Escolas ON Escolas.id = (Candidatos.escola_id) INNER JOIN anos Anos ON Anos.id = (Candidatos.ano_id) WHERE Upper(nm_candidato) like '%MA%' LIMIT 20 OFFSET 0
2021-03-22 18:32:47 Debug: duration=0 rows=1 SELECT (COUNT(*)) AS `count` FROM candidatos Candidatos INNER JOIN escolas Escolas ON Escolas.id = (Candidatos.escola_id) INNER JOIN anos Anos ON Anos.id = (Candidatos.ano_id) WHERE Upper(nm_candidato) like '%MA%'
2021-03-22 18:32:47 Debug: duration=1 rows=8 SELECT Candidatos.id AS `Candidatos__id`, Candidatos.nm_candidato AS `Candidatos__nm_candidato`, Candidatos.responsavel_id AS `Candidatos__responsavel_id`, Candidatos.escola_id AS `Candidatos__escola_id`, Candidatos.tipo_id AS `Candidatos__tipo_id`, Candidatos.ano_id AS `Candidatos__ano_id`, Candidatos.vl_ctnumero AS `Candidatos__vl_ctnumero`, Candidatos.vl_ctlivro AS `Candidatos__vl_ctlivro`, Candidatos.vl_ctfolha AS `Candidatos__vl_ctfolha`, Candidatos.dt_nascimento AS `Candidatos__dt_nascimento`, Candidatos.vl_rg AS `Candidatos__vl_rg`, Candidatos.nm_mae AS `Candidatos__nm_mae`, Candidatos.nm_pai AS `Candidatos__nm_pai`, Candidatos.nm_rua AS `Candidatos__nm_rua`, Candidatos.vl_numero AS `Candidatos__vl_numero`, Candidatos.nm_bairro AS `Candidatos__nm_bairro`, Candidatos.nm_cidade AS `Candidatos__nm_cidade`, Candidatos.vl_cep AS `Candidatos__vl_cep`, Candidatos.vl_tel AS `Candidatos__vl_tel`, Candidatos.periodo AS `Candidatos__periodo`, Candidatos.vl_cel AS `Candidatos__vl_cel`, Candidatos.ds_moradia AS `Candidatos__ds_moradia`, Candidatos.ds_dependentes AS `Candidatos__ds_dependentes`, Candidatos.ds_rendafamiliar AS `Candidatos__ds_rendafamiliar`, Candidatos.ds_transporte AS `Candidatos__ds_transporte`, Candidatos.ds_info_compl AS `Candidatos__ds_info_compl`, Candidatos.ds_recebeobs AS `Candidatos__ds_recebeobs`, Candidatos.ic_deficiente AS `Candidatos__ic_deficiente`, Candidatos.ic_recurso AS `Candidatos__ic_recurso`, Candidatos.ds_motivo_recurso AS `Candidatos__ds_motivo_recurso`, Candidatos.ic_ano_anterior AS `Candidatos__ic_ano_anterior`, Candidatos.ic_recebido AS `Candidatos__ic_recebido`, Candidatos.ic_aprovado AS `Candidatos__ic_aprovado`, Candidatos.ic_deletado AS `Candidatos__ic_deletado`, Candidatos.created AS `Candidatos__created`, Candidatos.modified AS `Candidatos__modified`, Escolas.id AS `Escolas__id`, Escolas.nm_escola AS `Escolas__nm_escola`, Escolas.ic_ativo AS `Escolas__ic_ativo`, Escolas.created AS `Escolas__created`, Escolas.modified AS `Escolas__modified`, Anos.id AS `Anos__id`, Anos.nm_ano AS `Anos__nm_ano`, Anos.ic_ativo AS `Anos__ic_ativo`, Anos.created AS `Anos__created`, Anos.modified AS `Anos__modified`, Anos.tipo_id AS `Anos__tipo_id` FROM candidatos Candidatos INNER JOIN escolas Escolas ON Escolas.id = (Candidatos.escola_id) INNER JOIN anos Anos ON Anos.id = (Candidatos.ano_id) WHERE Upper(nm_candidato) like '%M%' LIMIT 20 OFFSET 0
2021-03-22 18:32:47 Debug: duration=0 rows=1 SELECT (COUNT(*)) AS `count` FROM candidatos Candidatos INNER JOIN escolas Escolas ON Escolas.id = (Candidatos.escola_id) INNER JOIN anos Anos ON Anos.id = (Candidatos.ano_id) WHERE Upper(nm_candidato) like '%M%'
2021-03-22 18:32:47 Debug: duration=1 rows=15 SELECT Candidatos.id AS `Candidatos__id`, Candidatos.nm_candidato AS `Candidatos__nm_candidato`, Candidatos.responsavel_id AS `Candidatos__responsavel_id`, Candidatos.escola_id AS `Candidatos__escola_id`, Candidatos.tipo_id AS `Candidatos__tipo_id`, Candidatos.ano_id AS `Candidatos__ano_id`, Candidatos.vl_ctnumero AS `Candidatos__vl_ctnumero`, Candidatos.vl_ctlivro AS `Candidatos__vl_ctlivro`, Candidatos.vl_ctfolha AS `Candidatos__vl_ctfolha`, Candidatos.dt_nascimento AS `Candidatos__dt_nascimento`, Candidatos.vl_rg AS `Candidatos__vl_rg`, Candidatos.nm_mae AS `Candidatos__nm_mae`, Candidatos.nm_pai AS `Candidatos__nm_pai`, Candidatos.nm_rua AS `Candidatos__nm_rua`, Candidatos.vl_numero AS `Candidatos__vl_numero`, Candidatos.nm_bairro AS `Candidatos__nm_bairro`, Candidatos.nm_cidade AS `Candidatos__nm_cidade`, Candidatos.vl_cep AS `Candidatos__vl_cep`, Candidatos.vl_tel AS `Candidatos__vl_tel`, Candidatos.periodo AS `Candidatos__periodo`, Candidatos.vl_cel AS `Candidatos__vl_cel`, Candidatos.ds_moradia AS `Candidatos__ds_moradia`, Candidatos.ds_dependentes AS `Candidatos__ds_dependentes`, Candidatos.ds_rendafamiliar AS `Candidatos__ds_rendafamiliar`, Candidatos.ds_transporte AS `Candidatos__ds_transporte`, Candidatos.ds_info_compl AS `Candidatos__ds_info_compl`, Candidatos.ds_recebeobs AS `Candidatos__ds_recebeobs`, Candidatos.ic_deficiente AS `Candidatos__ic_deficiente`, Candidatos.ic_recurso AS `Candidatos__ic_recurso`, Candidatos.ds_motivo_recurso AS `Candidatos__ds_motivo_recurso`, Candidatos.ic_ano_anterior AS `Candidatos__ic_ano_anterior`, Candidatos.ic_recebido AS `Candidatos__ic_recebido`, Candidatos.ic_aprovado AS `Candidatos__ic_aprovado`, Candidatos.ic_deletado AS `Candidatos__ic_deletado`, Candidatos.created AS `Candidatos__created`, Candidatos.modified AS `Candidatos__modified`, Escolas.id AS `Escolas__id`, Escolas.nm_escola AS `Escolas__nm_escola`, Escolas.ic_ativo AS `Escolas__ic_ativo`, Escolas.created AS `Escolas__created`, Escolas.modified AS `Escolas__modified`, Anos.id AS `Anos__id`, Anos.nm_ano AS `Anos__nm_ano`, Anos.ic_ativo AS `Anos__ic_ativo`, Anos.created AS `Anos__created`, Anos.modified AS `Anos__modified`, Anos.tipo_id AS `Anos__tipo_id` FROM candidatos Candidatos INNER JOIN escolas Escolas ON Escolas.id = (Candidatos.escola_id) INNER JOIN anos Anos ON Anos.id = (Candidatos.ano_id) WHERE Upper(nm_candidato) like '%A%' LIMIT 20 OFFSET 0
2021-03-22 18:32:47 Debug: duration=0 rows=1 SELECT (COUNT(*)) AS `count` FROM candidatos Candidatos INNER JOIN escolas Escolas ON Escolas.id = (Candidatos.escola_id) INNER JOIN anos Anos ON Anos.id = (Candidatos.ano_id) WHERE Upper(nm_candidato) like '%A%'
2021-03-22 18:45:22 Debug: duration=15 rows=36 SHOW FULL COLUMNS FROM `candidatos`
2021-03-22 18:45:22 Debug: duration=0 rows=1 SHOW INDEXES FROM `candidatos`
2021-03-22 18:45:22 Debug: duration=1 rows=0 SELECT * FROM information_schema.key_column_usage AS kcu
            INNER JOIN information_schema.referential_constraints AS rc
            ON (
                kcu.CONSTRAINT_NAME = rc.CONSTRAINT_NAME
                AND kcu.CONSTRAINT_SCHEMA = rc.CONSTRAINT_SCHEMA
            )
            WHERE kcu.TABLE_SCHEMA = 'bolsaestudo' AND kcu.TABLE_NAME = 'candidatos' AND rc.TABLE_NAME = 'candidatos'
2021-03-22 18:45:22 Debug: duration=1 rows=1 SHOW TABLE STATUS WHERE Name = 'candidatos'
2021-03-22 18:45:22 Debug: duration=1 rows=15 SELECT Candidatos.id AS `Candidatos__id`, Candidatos.nm_candidato AS `Candidatos__nm_candidato`, Candidatos.responsavel_id AS `Candidatos__responsavel_id`, Candidatos.escola_id AS `Candidatos__escola_id`, Candidatos.tipo_id AS `Candidatos__tipo_id`, Candidatos.ano_id AS `Candidatos__ano_id`, Candidatos.vl_ctnumero AS `Candidatos__vl_ctnumero`, Candidatos.vl_ctlivro AS `Candidatos__vl_ctlivro`, Candidatos.vl_ctfolha AS `Candidatos__vl_ctfolha`, Candidatos.dt_nascimento AS `Candidatos__dt_nascimento`, Candidatos.vl_rg AS `Candidatos__vl_rg`, Candidatos.nm_mae AS `Candidatos__nm_mae`, Candidatos.nm_pai AS `Candidatos__nm_pai`, Candidatos.nm_rua AS `Candidatos__nm_rua`, Candidatos.vl_numero AS `Candidatos__vl_numero`, Candidatos.nm_bairro AS `Candidatos__nm_bairro`, Candidatos.nm_cidade AS `Candidatos__nm_cidade`, Candidatos.vl_cep AS `Candidatos__vl_cep`, Candidatos.vl_tel AS `Candidatos__vl_tel`, Candidatos.periodo AS `Candidatos__periodo`, Candidatos.vl_cel AS `Candidatos__vl_cel`, Candidatos.ds_moradia AS `Candidatos__ds_moradia`, Candidatos.ds_dependentes AS `Candidatos__ds_dependentes`, Candidatos.ds_rendafamiliar AS `Candidatos__ds_rendafamiliar`, Candidatos.ds_transporte AS `Candidatos__ds_transporte`, Candidatos.ds_info_compl AS `Candidatos__ds_info_compl`, Candidatos.ds_recebeobs AS `Candidatos__ds_recebeobs`, Candidatos.ic_deficiente AS `Candidatos__ic_deficiente`, Candidatos.ic_recurso AS `Candidatos__ic_recurso`, Candidatos.ds_motivo_recurso AS `Candidatos__ds_motivo_recurso`, Candidatos.ic_ano_anterior AS `Candidatos__ic_ano_anterior`, Candidatos.ic_recebido AS `Candidatos__ic_recebido`, Candidatos.ic_aprovado AS `Candidatos__ic_aprovado`, Candidatos.ic_deletado AS `Candidatos__ic_deletado`, Candidatos.created AS `Candidatos__created`, Candidatos.modified AS `Candidatos__modified` FROM candidatos Candidatos ORDER BY Candidatos.nm_candidato ASC LIMIT 20 OFFSET 0
2021-03-22 18:45:22 Debug: duration=0 rows=1 SELECT (COUNT(*)) AS `count` FROM candidatos Candidatos
2021-03-22 18:46:17 Debug: duration=1 rows=15 SELECT Candidatos.id AS `Candidatos__id`, Candidatos.nm_candidato AS `Candidatos__nm_candidato`, Candidatos.responsavel_id AS `Candidatos__responsavel_id`, Candidatos.escola_id AS `Candidatos__escola_id`, Candidatos.tipo_id AS `Candidatos__tipo_id`, Candidatos.ano_id AS `Candidatos__ano_id`, Candidatos.vl_ctnumero AS `Candidatos__vl_ctnumero`, Candidatos.vl_ctlivro AS `Candidatos__vl_ctlivro`, Candidatos.vl_ctfolha AS `Candidatos__vl_ctfolha`, Candidatos.dt_nascimento AS `Candidatos__dt_nascimento`, Candidatos.vl_rg AS `Candidatos__vl_rg`, Candidatos.nm_mae AS `Candidatos__nm_mae`, Candidatos.nm_pai AS `Candidatos__nm_pai`, Candidatos.nm_rua AS `Candidatos__nm_rua`, Candidatos.vl_numero AS `Candidatos__vl_numero`, Candidatos.nm_bairro AS `Candidatos__nm_bairro`, Candidatos.nm_cidade AS `Candidatos__nm_cidade`, Candidatos.vl_cep AS `Candidatos__vl_cep`, Candidatos.vl_tel AS `Candidatos__vl_tel`, Candidatos.periodo AS `Candidatos__periodo`, Candidatos.vl_cel AS `Candidatos__vl_cel`, Candidatos.ds_moradia AS `Candidatos__ds_moradia`, Candidatos.ds_dependentes AS `Candidatos__ds_dependentes`, Candidatos.ds_rendafamiliar AS `Candidatos__ds_rendafamiliar`, Candidatos.ds_transporte AS `Candidatos__ds_transporte`, Candidatos.ds_info_compl AS `Candidatos__ds_info_compl`, Candidatos.ds_recebeobs AS `Candidatos__ds_recebeobs`, Candidatos.ic_deficiente AS `Candidatos__ic_deficiente`, Candidatos.ic_recurso AS `Candidatos__ic_recurso`, Candidatos.ds_motivo_recurso AS `Candidatos__ds_motivo_recurso`, Candidatos.ic_ano_anterior AS `Candidatos__ic_ano_anterior`, Candidatos.ic_recebido AS `Candidatos__ic_recebido`, Candidatos.ic_aprovado AS `Candidatos__ic_aprovado`, Candidatos.ic_deletado AS `Candidatos__ic_deletado`, Candidatos.created AS `Candidatos__created`, Candidatos.modified AS `Candidatos__modified` FROM candidatos Candidatos ORDER BY Candidatos.nm_candidato ASC LIMIT 20 OFFSET 0
2021-03-22 18:46:17 Debug: duration=0 rows=1 SELECT (COUNT(*)) AS `count` FROM candidatos Candidatos
2021-03-22 18:48:57 Debug: duration=38 rows=36 SHOW FULL COLUMNS FROM `candidatos`
2021-03-22 18:48:57 Debug: duration=0 rows=1 SHOW INDEXES FROM `candidatos`
2021-03-22 18:48:57 Debug: duration=1 rows=0 SELECT * FROM information_schema.key_column_usage AS kcu
            INNER JOIN information_schema.referential_constraints AS rc
            ON (
                kcu.CONSTRAINT_NAME = rc.CONSTRAINT_NAME
                AND kcu.CONSTRAINT_SCHEMA = rc.CONSTRAINT_SCHEMA
            )
            WHERE kcu.TABLE_SCHEMA = 'bolsaestudo' AND kcu.TABLE_NAME = 'candidatos' AND rc.TABLE_NAME = 'candidatos'
2021-03-22 18:48:57 Debug: duration=1 rows=1 SHOW TABLE STATUS WHERE Name = 'candidatos'
2021-03-22 18:48:57 Debug: duration=1 rows=15 SELECT Candidatos.id AS `Candidatos__id`, Candidatos.nm_candidato AS `Candidatos__nm_candidato`, Candidatos.responsavel_id AS `Candidatos__responsavel_id`, Candidatos.escola_id AS `Candidatos__escola_id`, Candidatos.tipo_id AS `Candidatos__tipo_id`, Candidatos.ano_id AS `Candidatos__ano_id`, Candidatos.vl_ctnumero AS `Candidatos__vl_ctnumero`, Candidatos.vl_ctlivro AS `Candidatos__vl_ctlivro`, Candidatos.vl_ctfolha AS `Candidatos__vl_ctfolha`, Candidatos.dt_nascimento AS `Candidatos__dt_nascimento`, Candidatos.vl_rg AS `Candidatos__vl_rg`, Candidatos.nm_mae AS `Candidatos__nm_mae`, Candidatos.nm_pai AS `Candidatos__nm_pai`, Candidatos.nm_rua AS `Candidatos__nm_rua`, Candidatos.vl_numero AS `Candidatos__vl_numero`, Candidatos.nm_bairro AS `Candidatos__nm_bairro`, Candidatos.nm_cidade AS `Candidatos__nm_cidade`, Candidatos.vl_cep AS `Candidatos__vl_cep`, Candidatos.vl_tel AS `Candidatos__vl_tel`, Candidatos.periodo AS `Candidatos__periodo`, Candidatos.vl_cel AS `Candidatos__vl_cel`, Candidatos.ds_moradia AS `Candidatos__ds_moradia`, Candidatos.ds_dependentes AS `Candidatos__ds_dependentes`, Candidatos.ds_rendafamiliar AS `Candidatos__ds_rendafamiliar`, Candidatos.ds_transporte AS `Candidatos__ds_transporte`, Candidatos.ds_info_compl AS `Candidatos__ds_info_compl`, Candidatos.ds_recebeobs AS `Candidatos__ds_recebeobs`, Candidatos.ic_deficiente AS `Candidatos__ic_deficiente`, Candidatos.ic_recurso AS `Candidatos__ic_recurso`, Candidatos.ds_motivo_recurso AS `Candidatos__ds_motivo_recurso`, Candidatos.ic_ano_anterior AS `Candidatos__ic_ano_anterior`, Candidatos.ic_recebido AS `Candidatos__ic_recebido`, Candidatos.ic_aprovado AS `Candidatos__ic_aprovado`, Candidatos.ic_deletado AS `Candidatos__ic_deletado`, Candidatos.created AS `Candidatos__created`, Candidatos.modified AS `Candidatos__modified` FROM candidatos Candidatos ORDER BY Candidatos.nm_candidato ASC LIMIT 20 OFFSET 0
2021-03-22 18:48:57 Debug: duration=0 rows=1 SELECT (COUNT(*)) AS `count` FROM candidatos Candidatos
2021-03-22 18:52:16 Debug: duration=27 rows=36 SHOW FULL COLUMNS FROM `candidatos`
2021-03-22 18:52:16 Debug: duration=0 rows=1 SHOW INDEXES FROM `candidatos`
2021-03-22 18:52:16 Debug: duration=2 rows=0 SELECT * FROM information_schema.key_column_usage AS kcu
            INNER JOIN information_schema.referential_constraints AS rc
            ON (
                kcu.CONSTRAINT_NAME = rc.CONSTRAINT_NAME
                AND kcu.CONSTRAINT_SCHEMA = rc.CONSTRAINT_SCHEMA
            )
            WHERE kcu.TABLE_SCHEMA = 'bolsaestudo' AND kcu.TABLE_NAME = 'candidatos' AND rc.TABLE_NAME = 'candidatos'
2021-03-22 18:52:16 Debug: duration=1 rows=1 SHOW TABLE STATUS WHERE Name = 'candidatos'
2021-03-22 18:52:16 Debug: duration=1 rows=15 SELECT Candidatos.id AS `Candidatos__id`, Candidatos.nm_candidato AS `Candidatos__nm_candidato`, Candidatos.responsavel_id AS `Candidatos__responsavel_id`, Candidatos.escola_id AS `Candidatos__escola_id`, Candidatos.tipo_id AS `Candidatos__tipo_id`, Candidatos.ano_id AS `Candidatos__ano_id`, Candidatos.vl_ctnumero AS `Candidatos__vl_ctnumero`, Candidatos.vl_ctlivro AS `Candidatos__vl_ctlivro`, Candidatos.vl_ctfolha AS `Candidatos__vl_ctfolha`, Candidatos.dt_nascimento AS `Candidatos__dt_nascimento`, Candidatos.vl_rg AS `Candidatos__vl_rg`, Candidatos.nm_mae AS `Candidatos__nm_mae`, Candidatos.nm_pai AS `Candidatos__nm_pai`, Candidatos.nm_rua AS `Candidatos__nm_rua`, Candidatos.vl_numero AS `Candidatos__vl_numero`, Candidatos.nm_bairro AS `Candidatos__nm_bairro`, Candidatos.nm_cidade AS `Candidatos__nm_cidade`, Candidatos.vl_cep AS `Candidatos__vl_cep`, Candidatos.vl_tel AS `Candidatos__vl_tel`, Candidatos.periodo AS `Candidatos__periodo`, Candidatos.vl_cel AS `Candidatos__vl_cel`, Candidatos.ds_moradia AS `Candidatos__ds_moradia`, Candidatos.ds_dependentes AS `Candidatos__ds_dependentes`, Candidatos.ds_rendafamiliar AS `Candidatos__ds_rendafamiliar`, Candidatos.ds_transporte AS `Candidatos__ds_transporte`, Candidatos.ds_info_compl AS `Candidatos__ds_info_compl`, Candidatos.ds_recebeobs AS `Candidatos__ds_recebeobs`, Candidatos.ic_deficiente AS `Candidatos__ic_deficiente`, Candidatos.ic_recurso AS `Candidatos__ic_recurso`, Candidatos.ds_motivo_recurso AS `Candidatos__ds_motivo_recurso`, Candidatos.ic_ano_anterior AS `Candidatos__ic_ano_anterior`, Candidatos.ic_recebido AS `Candidatos__ic_recebido`, Candidatos.ic_aprovado AS `Candidatos__ic_aprovado`, Candidatos.ic_deletado AS `Candidatos__ic_deletado`, Candidatos.created AS `Candidatos__created`, Candidatos.modified AS `Candidatos__modified` FROM candidatos Candidatos LIMIT 30 OFFSET 0
2021-03-22 18:52:16 Debug: duration=0 rows=1 SELECT (COUNT(*)) AS `count` FROM candidatos Candidatos
2021-03-22 18:52:16 Debug: duration=13 rows=5 SHOW FULL COLUMNS FROM `escolas`
2021-03-22 18:52:16 Debug: duration=0 rows=1 SHOW INDEXES FROM `escolas`
2021-03-22 18:52:16 Debug: duration=2 rows=0 SELECT * FROM information_schema.key_column_usage AS kcu
            INNER JOIN information_schema.referential_constraints AS rc
            ON (
                kcu.CONSTRAINT_NAME = rc.CONSTRAINT_NAME
                AND kcu.CONSTRAINT_SCHEMA = rc.CONSTRAINT_SCHEMA
            )
            WHERE kcu.TABLE_SCHEMA = 'bolsaestudo' AND kcu.TABLE_NAME = 'escolas' AND rc.TABLE_NAME = 'escolas'
2021-03-22 18:52:16 Debug: duration=1 rows=1 SHOW TABLE STATUS WHERE Name = 'escolas'
2021-03-22 18:52:16 Debug: duration=61 rows=6 SHOW FULL COLUMNS FROM `anos`
2021-03-22 18:52:16 Debug: duration=0 rows=1 SHOW INDEXES FROM `anos`
2021-03-22 18:52:16 Debug: duration=2 rows=0 SELECT * FROM information_schema.key_column_usage AS kcu
            INNER JOIN information_schema.referential_constraints AS rc
            ON (
                kcu.CONSTRAINT_NAME = rc.CONSTRAINT_NAME
                AND kcu.CONSTRAINT_SCHEMA = rc.CONSTRAINT_SCHEMA
            )
            WHERE kcu.TABLE_SCHEMA = 'bolsaestudo' AND kcu.TABLE_NAME = 'anos' AND rc.TABLE_NAME = 'anos'
2021-03-22 18:52:16 Debug: duration=1 rows=1 SHOW TABLE STATUS WHERE Name = 'anos'
2021-03-22 18:52:16 Debug: duration=1 rows=15 SELECT Candidatos.id AS `Candidatos__id`, Candidatos.nm_candidato AS `Candidatos__nm_candidato`, Candidatos.responsavel_id AS `Candidatos__responsavel_id`, Candidatos.escola_id AS `Candidatos__escola_id`, Candidatos.tipo_id AS `Candidatos__tipo_id`, Candidatos.ano_id AS `Candidatos__ano_id`, Candidatos.vl_ctnumero AS `Candidatos__vl_ctnumero`, Candidatos.vl_ctlivro AS `Candidatos__vl_ctlivro`, Candidatos.vl_ctfolha AS `Candidatos__vl_ctfolha`, Candidatos.dt_nascimento AS `Candidatos__dt_nascimento`, Candidatos.vl_rg AS `Candidatos__vl_rg`, Candidatos.nm_mae AS `Candidatos__nm_mae`, Candidatos.nm_pai AS `Candidatos__nm_pai`, Candidatos.nm_rua AS `Candidatos__nm_rua`, Candidatos.vl_numero AS `Candidatos__vl_numero`, Candidatos.nm_bairro AS `Candidatos__nm_bairro`, Candidatos.nm_cidade AS `Candidatos__nm_cidade`, Candidatos.vl_cep AS `Candidatos__vl_cep`, Candidatos.vl_tel AS `Candidatos__vl_tel`, Candidatos.periodo AS `Candidatos__periodo`, Candidatos.vl_cel AS `Candidatos__vl_cel`, Candidatos.ds_moradia AS `Candidatos__ds_moradia`, Candidatos.ds_dependentes AS `Candidatos__ds_dependentes`, Candidatos.ds_rendafamiliar AS `Candidatos__ds_rendafamiliar`, Candidatos.ds_transporte AS `Candidatos__ds_transporte`, Candidatos.ds_info_compl AS `Candidatos__ds_info_compl`, Candidatos.ds_recebeobs AS `Candidatos__ds_recebeobs`, Candidatos.ic_deficiente AS `Candidatos__ic_deficiente`, Candidatos.ic_recurso AS `Candidatos__ic_recurso`, Candidatos.ds_motivo_recurso AS `Candidatos__ds_motivo_recurso`, Candidatos.ic_ano_anterior AS `Candidatos__ic_ano_anterior`, Candidatos.ic_recebido AS `Candidatos__ic_recebido`, Candidatos.ic_aprovado AS `Candidatos__ic_aprovado`, Candidatos.ic_deletado AS `Candidatos__ic_deletado`, Candidatos.created AS `Candidatos__created`, Candidatos.modified AS `Candidatos__modified`, Escolas.id AS `Escolas__id`, Escolas.nm_escola AS `Escolas__nm_escola`, Escolas.ic_ativo AS `Escolas__ic_ativo`, Escolas.created AS `Escolas__created`, Escolas.modified AS `Escolas__modified`, Anos.id AS `Anos__id`, Anos.nm_ano AS `Anos__nm_ano`, Anos.ic_ativo AS `Anos__ic_ativo`, Anos.created AS `Anos__created`, Anos.modified AS `Anos__modified`, Anos.tipo_id AS `Anos__tipo_id` FROM candidatos Candidatos INNER JOIN escolas Escolas ON Escolas.id = (Candidatos.escola_id) INNER JOIN anos Anos ON Anos.id = (Candidatos.ano_id) LIMIT 30 OFFSET 0
2021-03-22 18:52:16 Debug: duration=0 rows=1 SELECT (COUNT(*)) AS `count` FROM candidatos Candidatos INNER JOIN escolas Escolas ON Escolas.id = (Candidatos.escola_id) INNER JOIN anos Anos ON Anos.id = (Candidatos.ano_id)
2021-03-22 18:52:46 Debug: duration=16 rows=15 SELECT Candidatos.id AS `Candidatos__id`, Candidatos.nm_candidato AS `Candidatos__nm_candidato`, Candidatos.responsavel_id AS `Candidatos__responsavel_id`, Candidatos.escola_id AS `Candidatos__escola_id`, Candidatos.tipo_id AS `Candidatos__tipo_id`, Candidatos.ano_id AS `Candidatos__ano_id`, Candidatos.vl_ctnumero AS `Candidatos__vl_ctnumero`, Candidatos.vl_ctlivro AS `Candidatos__vl_ctlivro`, Candidatos.vl_ctfolha AS `Candidatos__vl_ctfolha`, Candidatos.dt_nascimento AS `Candidatos__dt_nascimento`, Candidatos.vl_rg AS `Candidatos__vl_rg`, Candidatos.nm_mae AS `Candidatos__nm_mae`, Candidatos.nm_pai AS `Candidatos__nm_pai`, Candidatos.nm_rua AS `Candidatos__nm_rua`, Candidatos.vl_numero AS `Candidatos__vl_numero`, Candidatos.nm_bairro AS `Candidatos__nm_bairro`, Candidatos.nm_cidade AS `Candidatos__nm_cidade`, Candidatos.vl_cep AS `Candidatos__vl_cep`, Candidatos.vl_tel AS `Candidatos__vl_tel`, Candidatos.periodo AS `Candidatos__periodo`, Candidatos.vl_cel AS `Candidatos__vl_cel`, Candidatos.ds_moradia AS `Candidatos__ds_moradia`, Candidatos.ds_dependentes AS `Candidatos__ds_dependentes`, Candidatos.ds_rendafamiliar AS `Candidatos__ds_rendafamiliar`, Candidatos.ds_transporte AS `Candidatos__ds_transporte`, Candidatos.ds_info_compl AS `Candidatos__ds_info_compl`, Candidatos.ds_recebeobs AS `Candidatos__ds_recebeobs`, Candidatos.ic_deficiente AS `Candidatos__ic_deficiente`, Candidatos.ic_recurso AS `Candidatos__ic_recurso`, Candidatos.ds_motivo_recurso AS `Candidatos__ds_motivo_recurso`, Candidatos.ic_ano_anterior AS `Candidatos__ic_ano_anterior`, Candidatos.ic_recebido AS `Candidatos__ic_recebido`, Candidatos.ic_aprovado AS `Candidatos__ic_aprovado`, Candidatos.ic_deletado AS `Candidatos__ic_deletado`, Candidatos.created AS `Candidatos__created`, Candidatos.modified AS `Candidatos__modified` FROM candidatos Candidatos LIMIT 30 OFFSET 0
2021-03-22 18:52:46 Debug: duration=0 rows=1 SELECT (COUNT(*)) AS `count` FROM candidatos Candidatos
2021-03-22 18:52:46 Debug: duration=1 rows=15 SELECT Candidatos.id AS `Candidatos__id`, Candidatos.nm_candidato AS `Candidatos__nm_candidato`, Candidatos.responsavel_id AS `Candidatos__responsavel_id`, Candidatos.escola_id AS `Candidatos__escola_id`, Candidatos.tipo_id AS `Candidatos__tipo_id`, Candidatos.ano_id AS `Candidatos__ano_id`, Candidatos.vl_ctnumero AS `Candidatos__vl_ctnumero`, Candidatos.vl_ctlivro AS `Candidatos__vl_ctlivro`, Candidatos.vl_ctfolha AS `Candidatos__vl_ctfolha`, Candidatos.dt_nascimento AS `Candidatos__dt_nascimento`, Candidatos.vl_rg AS `Candidatos__vl_rg`, Candidatos.nm_mae AS `Candidatos__nm_mae`, Candidatos.nm_pai AS `Candidatos__nm_pai`, Candidatos.nm_rua AS `Candidatos__nm_rua`, Candidatos.vl_numero AS `Candidatos__vl_numero`, Candidatos.nm_bairro AS `Candidatos__nm_bairro`, Candidatos.nm_cidade AS `Candidatos__nm_cidade`, Candidatos.vl_cep AS `Candidatos__vl_cep`, Candidatos.vl_tel AS `Candidatos__vl_tel`, Candidatos.periodo AS `Candidatos__periodo`, Candidatos.vl_cel AS `Candidatos__vl_cel`, Candidatos.ds_moradia AS `Candidatos__ds_moradia`, Candidatos.ds_dependentes AS `Candidatos__ds_dependentes`, Candidatos.ds_rendafamiliar AS `Candidatos__ds_rendafamiliar`, Candidatos.ds_transporte AS `Candidatos__ds_transporte`, Candidatos.ds_info_compl AS `Candidatos__ds_info_compl`, Candidatos.ds_recebeobs AS `Candidatos__ds_recebeobs`, Candidatos.ic_deficiente AS `Candidatos__ic_deficiente`, Candidatos.ic_recurso AS `Candidatos__ic_recurso`, Candidatos.ds_motivo_recurso AS `Candidatos__ds_motivo_recurso`, Candidatos.ic_ano_anterior AS `Candidatos__ic_ano_anterior`, Candidatos.ic_recebido AS `Candidatos__ic_recebido`, Candidatos.ic_aprovado AS `Candidatos__ic_aprovado`, Candidatos.ic_deletado AS `Candidatos__ic_deletado`, Candidatos.created AS `Candidatos__created`, Candidatos.modified AS `Candidatos__modified`, Escolas.id AS `Escolas__id`, Escolas.nm_escola AS `Escolas__nm_escola`, Escolas.ic_ativo AS `Escolas__ic_ativo`, Escolas.created AS `Escolas__created`, Escolas.modified AS `Escolas__modified`, Anos.id AS `Anos__id`, Anos.nm_ano AS `Anos__nm_ano`, Anos.ic_ativo AS `Anos__ic_ativo`, Anos.created AS `Anos__created`, Anos.modified AS `Anos__modified`, Anos.tipo_id AS `Anos__tipo_id` FROM candidatos Candidatos INNER JOIN escolas Escolas ON Escolas.id = (Candidatos.escola_id) INNER JOIN anos Anos ON Anos.id = (Candidatos.ano_id) LIMIT 30 OFFSET 0
2021-03-22 18:52:46 Debug: duration=0 rows=1 SELECT (COUNT(*)) AS `count` FROM candidatos Candidatos INNER JOIN escolas Escolas ON Escolas.id = (Candidatos.escola_id) INNER JOIN anos Anos ON Anos.id = (Candidatos.ano_id)
2021-03-22 18:53:14 Debug: duration=1 rows=15 SELECT Candidatos.id AS `Candidatos__id`, Candidatos.nm_candidato AS `Candidatos__nm_candidato`, Candidatos.responsavel_id AS `Candidatos__responsavel_id`, Candidatos.escola_id AS `Candidatos__escola_id`, Candidatos.tipo_id AS `Candidatos__tipo_id`, Candidatos.ano_id AS `Candidatos__ano_id`, Candidatos.vl_ctnumero AS `Candidatos__vl_ctnumero`, Candidatos.vl_ctlivro AS `Candidatos__vl_ctlivro`, Candidatos.vl_ctfolha AS `Candidatos__vl_ctfolha`, Candidatos.dt_nascimento AS `Candidatos__dt_nascimento`, Candidatos.vl_rg AS `Candidatos__vl_rg`, Candidatos.nm_mae AS `Candidatos__nm_mae`, Candidatos.nm_pai AS `Candidatos__nm_pai`, Candidatos.nm_rua AS `Candidatos__nm_rua`, Candidatos.vl_numero AS `Candidatos__vl_numero`, Candidatos.nm_bairro AS `Candidatos__nm_bairro`, Candidatos.nm_cidade AS `Candidatos__nm_cidade`, Candidatos.vl_cep AS `Candidatos__vl_cep`, Candidatos.vl_tel AS `Candidatos__vl_tel`, Candidatos.periodo AS `Candidatos__periodo`, Candidatos.vl_cel AS `Candidatos__vl_cel`, Candidatos.ds_moradia AS `Candidatos__ds_moradia`, Candidatos.ds_dependentes AS `Candidatos__ds_dependentes`, Candidatos.ds_rendafamiliar AS `Candidatos__ds_rendafamiliar`, Candidatos.ds_transporte AS `Candidatos__ds_transporte`, Candidatos.ds_info_compl AS `Candidatos__ds_info_compl`, Candidatos.ds_recebeobs AS `Candidatos__ds_recebeobs`, Candidatos.ic_deficiente AS `Candidatos__ic_deficiente`, Candidatos.ic_recurso AS `Candidatos__ic_recurso`, Candidatos.ds_motivo_recurso AS `Candidatos__ds_motivo_recurso`, Candidatos.ic_ano_anterior AS `Candidatos__ic_ano_anterior`, Candidatos.ic_recebido AS `Candidatos__ic_recebido`, Candidatos.ic_aprovado AS `Candidatos__ic_aprovado`, Candidatos.ic_deletado AS `Candidatos__ic_deletado`, Candidatos.created AS `Candidatos__created`, Candidatos.modified AS `Candidatos__modified` FROM candidatos Candidatos LIMIT 30 OFFSET 0
2021-03-22 18:53:15 Debug: duration=0 rows=1 SELECT (COUNT(*)) AS `count` FROM candidatos Candidatos
2021-03-22 18:53:15 Debug: duration=1 rows=15 SELECT Candidatos.id AS `Candidatos__id`, Candidatos.nm_candidato AS `Candidatos__nm_candidato`, Candidatos.responsavel_id AS `Candidatos__responsavel_id`, Candidatos.escola_id AS `Candidatos__escola_id`, Candidatos.tipo_id AS `Candidatos__tipo_id`, Candidatos.ano_id AS `Candidatos__ano_id`, Candidatos.vl_ctnumero AS `Candidatos__vl_ctnumero`, Candidatos.vl_ctlivro AS `Candidatos__vl_ctlivro`, Candidatos.vl_ctfolha AS `Candidatos__vl_ctfolha`, Candidatos.dt_nascimento AS `Candidatos__dt_nascimento`, Candidatos.vl_rg AS `Candidatos__vl_rg`, Candidatos.nm_mae AS `Candidatos__nm_mae`, Candidatos.nm_pai AS `Candidatos__nm_pai`, Candidatos.nm_rua AS `Candidatos__nm_rua`, Candidatos.vl_numero AS `Candidatos__vl_numero`, Candidatos.nm_bairro AS `Candidatos__nm_bairro`, Candidatos.nm_cidade AS `Candidatos__nm_cidade`, Candidatos.vl_cep AS `Candidatos__vl_cep`, Candidatos.vl_tel AS `Candidatos__vl_tel`, Candidatos.periodo AS `Candidatos__periodo`, Candidatos.vl_cel AS `Candidatos__vl_cel`, Candidatos.ds_moradia AS `Candidatos__ds_moradia`, Candidatos.ds_dependentes AS `Candidatos__ds_dependentes`, Candidatos.ds_rendafamiliar AS `Candidatos__ds_rendafamiliar`, Candidatos.ds_transporte AS `Candidatos__ds_transporte`, Candidatos.ds_info_compl AS `Candidatos__ds_info_compl`, Candidatos.ds_recebeobs AS `Candidatos__ds_recebeobs`, Candidatos.ic_deficiente AS `Candidatos__ic_deficiente`, Candidatos.ic_recurso AS `Candidatos__ic_recurso`, Candidatos.ds_motivo_recurso AS `Candidatos__ds_motivo_recurso`, Candidatos.ic_ano_anterior AS `Candidatos__ic_ano_anterior`, Candidatos.ic_recebido AS `Candidatos__ic_recebido`, Candidatos.ic_aprovado AS `Candidatos__ic_aprovado`, Candidatos.ic_deletado AS `Candidatos__ic_deletado`, Candidatos.created AS `Candidatos__created`, Candidatos.modified AS `Candidatos__modified`, Escolas.id AS `Escolas__id`, Escolas.nm_escola AS `Escolas__nm_escola`, Escolas.ic_ativo AS `Escolas__ic_ativo`, Escolas.created AS `Escolas__created`, Escolas.modified AS `Escolas__modified`, Anos.id AS `Anos__id`, Anos.nm_ano AS `Anos__nm_ano`, Anos.ic_ativo AS `Anos__ic_ativo`, Anos.created AS `Anos__created`, Anos.modified AS `Anos__modified`, Anos.tipo_id AS `Anos__tipo_id` FROM candidatos Candidatos INNER JOIN escolas Escolas ON Escolas.id = (Candidatos.escola_id) INNER JOIN anos Anos ON Anos.id = (Candidatos.ano_id) LIMIT 30 OFFSET 0
2021-03-22 18:53:15 Debug: duration=0 rows=1 SELECT (COUNT(*)) AS `count` FROM candidatos Candidatos INNER JOIN escolas Escolas ON Escolas.id = (Candidatos.escola_id) INNER JOIN anos Anos ON Anos.id = (Candidatos.ano_id)
